#
# A fatal error has been detected by the Java Runtime Environment:
#
#  SIGSEGV (0xb) at pc=0x000000010c56607d, pid=16326, tid=0x0000000000002a03
#
# JRE version: Java(TM) SE Runtime Environment (8.0_201-b09) (build 1.8.0_201-b09)
# Java VM: Java HotSpot(TM) 64-Bit Server VM (25.201-b09 mixed mode bsd-amd64 compressed oops)
# Problematic frame:
# V  [libjvm.dylib+0x1ab07d]  oopDesc::size()+0x2d
#
# Failed to write core dump. Core dumps have been disabled. To enable core dumping, try "ulimit -c unlimited" before starting Java again
#
# If you would like to submit a bug report, please visit:
#   http://bugreport.java.com/bugreport/crash.jsp
#

---------------  T H R E A D  ---------------

Current thread (0x00007fcd6e802000):  GCTaskThread [stack: 0x000070000ae49000,0x000070000af49000] [id=10755]

siginfo: si_signo: 11 (SIGSEGV), si_code: 1 (SEGV_MAPERR), si_addr: 0x0000000000000010

Registers:
RAX=0x000000010cc02f60, RBX=0x0000000000000000, RCX=0x0000000000000003, RDX=0x000000078e8bc401
RSP=0x000070000af48710, RBP=0x000070000af48710, RSI=0x000000078e8bc480, RDI=0x0000000000000008
R8 =0x000000078e8bc480, R9 =0x0000000000000001, R10=0x0000000000000000, R11=0x00000000018db640
R12=0x000070000af48be0, R13=0x00007fcd6e7da600, R14=0x000000078e8bc480, R15=0x0000000000000001
RIP=0x000000010c56607d, EFLAGS=0x0000000000010202, ERR=0x0000000000000004
  TRAPNO=0x000000000000000e

Top of Stack: (sp=0x000070000af48710)
0x000070000af48710:   000070000af48790 000000010c626e4f
0x000070000af48720:   000070000af48770 000000000000002c
0x000070000af48730:   0000000000000001 0000000000000000
0x000070000af48740:   0200000786b335b8 0000000000000006
0x000070000af48750:   0000000000000001 0000000000000009
0x000070000af48760:   000000000000786b 00007fcd73a615c0
0x000070000af48770:   000070000af487e0 00007fcd6e7da600
0x000070000af48780:   0000000790196268 000070000af48be0
0x000070000af48790:   000070000af487c0 000000010c61990a
0x000070000af487a0:   000070000af487c0 000070000af48be0
0x000070000af487b0:   000000010ccb63c8 000000010ccacf16
0x000070000af487c0:   000070000af48820 000000010c6272da
0x000070000af487d0:   000070000af48838 0000000790196269
0x000070000af487e0:   0000000786beed2c 000070000af48be0
0x000070000af487f0:   000070000af48820 00007fcd6cf07830
0x000070000af48800:   000070000af48838 000070000af48ac8
0x000070000af48810:   000070000af48be0 000070000af48da0
0x000070000af48820:   000070000af48860 000000010c61b04a
0x000070000af48830:   000000010cbe6a30 0000000786beed2d
0x000070000af48840:   000070000af488c8 000070000af48be0
0x000070000af48850:   000070000af48be0 000070000af488f0
0x000070000af48860:   000070000af488a0 000000010c60e730
0x000070000af48870:   0000000000000006 000070000af48b50
0x000070000af48880:   000070000af48b50 000070000af48be0
0x000070000af48890:   000070000c3847d0 000070000af488f0
0x000070000af488a0:   000070000af48e70 000000010c61a6c6
0x000070000af488b0:   0000700000000006 40bd123adefd1923
0x000070000af488c0:   0000000600000180 000000010cc92e20
0x000070000af488d0:   00007fcd6d801000 000070000af48be0
0x000070000af488e0:   00007fcd6cf07830 000070000c3847f8
0x000070000af488f0:   000000010cbe60c0 000070000af48900
0x000070000af48900:   0000000000000000 000000010c844566 

Instructions: (pc=0x000000010c56607d)
0x000000010c56605d:   84 d2 48 89 fe 74 15 48 8d 05 f5 ce 69 00 8a 48
0x000000010c56606d:   08 8b 7e 08 48 d3 e7 48 03 38 eb 04 48 8b 7e 08
0x000000010c56607d:   8b 47 08 85 c0 7e 09 a8 01 75 4e c1 f8 03 eb 47
0x000000010c56608d:   85 c0 7f 43 85 c0 79 41 84 d2 0f 94 c1 0f b6 c9 

Register to memory mapping:

RAX=0x000000010cc02f60: _ZN8Universe13_narrow_klassE+0 in /Library/Java/JavaVirtualMachines/jdk1.8.0_201.jdk/Contents/Home/jre/lib/server/libjvm.dylib at 0x000000010c3bb000
RBX=0x0000000000000000 is an unknown value
RCX=0x0000000000000003 is an unknown value
RDX=0x000000078e8bc401 is pointing into object: 0x000000078e8bc3f0
java.lang.String 
 - klass: 'java/lang/String'
RSP=0x000070000af48710 is an unknown value
RBP=0x000070000af48710 is an unknown value
RSI=0x000000078e8bc480 is pointing into object: 0x000000078e8bc450
[Ljava.lang.Object; 
 - klass: 'java/lang/Object'[]
 - length: 10
RDI=0x0000000000000008 is an unknown value
R8 =0x000000078e8bc480 is pointing into object: 0x000000078e8bc450
[Ljava.lang.Object; 
 - klass: 'java/lang/Object'[]
 - length: 10
R9 =0x0000000000000001 is an unknown value
R10=0x0000000000000000 is an unknown value
R11=0x00000000018db640 is an unknown value
R12=0x000070000af48be0 is an unknown value
R13=0x00007fcd6e7da600 is an unknown value
R14=0x000000078e8bc480 is pointing into object: 0x000000078e8bc450
[Ljava.lang.Object; 
 - klass: 'java/lang/Object'[]
 - length: 10
R15=0x0000000000000001 is an unknown value


Stack: [0x000070000ae49000,0x000070000af49000],  sp=0x000070000af48710,  free space=1021k
Native frames: (J=compiled Java code, j=interpreted, Vv=VM code, C=native code)
V  [libjvm.dylib+0x1ab07d]  oopDesc::size()+0x2d
V  [libjvm.dylib+0x26be4f]  G1ParScanThreadState::copy_to_survivor_space(InCSetState, oopDesc*, markOopDesc*)+0x29
V  [libjvm.dylib+0x25e90a]  void G1ParScanThreadState::do_oop_evac<unsigned int>(unsigned int*, HeapRegion*)+0x8a
V  [libjvm.dylib+0x26c2da]  G1ParScanThreadState::trim_queue()+0x11a
V  [libjvm.dylib+0x26004a]  G1ParScanThreadState::steal_and_trim_queue(GenericTaskQueueSet<OverflowTaskQueue<StarTask, (MemoryType)5, 131072u>, (MemoryType)5>*)+0x84
V  [libjvm.dylib+0x253730]  G1ParEvacuateFollowersClosure::do_void()+0x2a
V  [libjvm.dylib+0x25f6c6]  G1ParTask::work(unsigned int)+0x460
V  [libjvm.dylib+0x5ce99b]  GangWorker::loop()+0x73
V  [libjvm.dylib+0x48f3ca]  java_start(Thread*)+0xf6
C  [libsystem_pthread.dylib+0x3305]  _pthread_body+0x7e
C  [libsystem_pthread.dylib+0x626f]  _pthread_start+0x46
C  [libsystem_pthread.dylib+0x2415]  thread_start+0xd


---------------  P R O C E S S  ---------------

Java Threads: ( => current thread )
  0x00007fcd7506c800 JavaThread "Worker-6" [_thread_blocked, id=81671, stack(0x000070000d2e0000,0x000070000d3e0000)]
  0x00007fcd751a8800 JavaThread "process reaper" daemon [_thread_blocked, id=81955, stack(0x000070000ab3d000,0x000070000ab65000)]
  0x00007fcd75bc8800 JavaThread "Bundle File Closer" daemon [_thread_blocked, id=82471, stack(0x000070000daf8000,0x000070000dbf8000)]
  0x00007fcd6dee5800 JavaThread "pool-1-thread-1" [_thread_in_native, id=83203, stack(0x000070000d5e9000,0x000070000d6e9000)]
  0x00007fcd6ee1a800 JavaThread "pool-2-thread-1" [_thread_blocked, id=83459, stack(0x000070000d4e6000,0x000070000d5e6000)]
  0x00007fcd6d946800 JavaThread "Java indexing" daemon [_thread_blocked, id=83715, stack(0x000070000d3e3000,0x000070000d4e3000)]
  0x00007fcd701c2800 JavaThread "Worker-0" [_thread_blocked, id=84227, stack(0x000070000d1dd000,0x000070000d2dd000)]
  0x00007fcd6f925800 JavaThread "Worker-JM" [_thread_blocked, id=45831, stack(0x000070000d0da000,0x000070000d1da000)]
  0x00007fcd6d02b000 JavaThread "Start Level: Equinox Container: 49d573e8-5eec-4aea-b4bb-d04b0f0a853e" daemon [_thread_blocked, id=25859, stack(0x000070000cfd7000,0x000070000d0d7000)]
  0x00007fcd700ab000 JavaThread "Framework Event Dispatcher: Equinox Container: 49d573e8-5eec-4aea-b4bb-d04b0f0a853e" daemon [_thread_blocked, id=38915, stack(0x000070000ced4000,0x000070000cfd4000)]
  0x00007fcd71116800 JavaThread "Active Thread: Equinox Container: 49d573e8-5eec-4aea-b4bb-d04b0f0a853e" [_thread_blocked, id=39171, stack(0x000070000cdd1000,0x000070000ced1000)]
  0x00007fcd700bd000 JavaThread "process reaper" daemon [_thread_in_native, id=39427, stack(0x000070000cda6000,0x000070000cdce000)]
  0x00007fcd71040800 JavaThread "Service Thread" daemon [_thread_blocked, id=24579, stack(0x000070000cba0000,0x000070000cca0000)]
  0x00007fcd6f80c800 JavaThread "C1 CompilerThread3" daemon [_thread_blocked, id=24323, stack(0x000070000ca9d000,0x000070000cb9d000)]
  0x00007fcd6e8c3800 JavaThread "C2 CompilerThread2" daemon [_thread_blocked, id=24067, stack(0x000070000c99a000,0x000070000ca9a000)]
  0x00007fcd71028000 JavaThread "C2 CompilerThread1" daemon [_thread_blocked, id=40963, stack(0x000070000c897000,0x000070000c997000)]
  0x00007fcd6d817000 JavaThread "C2 CompilerThread0" daemon [_thread_blocked, id=23811, stack(0x000070000c794000,0x000070000c894000)]
  0x00007fcd71027000 JavaThread "Signal Dispatcher" daemon [_thread_blocked, id=41731, stack(0x000070000c691000,0x000070000c791000)]
  0x00007fcd6f80b800 JavaThread "Surrogate Locker Thread (Concurrent GC)" daemon [_thread_blocked, id=23043, stack(0x000070000c58e000,0x000070000c68e000)]
  0x00007fcd7080a800 JavaThread "Finalizer" daemon [_thread_blocked, id=43267, stack(0x000070000c48b000,0x000070000c58b000)]
  0x00007fcd6d001800 JavaThread "Reference Handler" daemon [_thread_blocked, id=16387, stack(0x000070000c388000,0x000070000c488000)]
  0x00007fcd70801800 JavaThread "main" [_thread_blocked, id=5891, stack(0x000070000ac43000,0x000070000ad43000)]

Other Threads:
  0x00007fcd6d807000 VMThread [stack: 0x000070000c285000,0x000070000c385000] [id=16899]
  0x00007fcd6d01e800 WatcherThread [stack: 0x000070000cca3000,0x000070000cda3000] [id=39939]

=>0x00007fcd6e802000 (exited) GCTaskThread [stack: 0x000070000ae49000,0x000070000af49000] [id=10755]

VM state:at safepoint (normal execution)

VM Mutex/Monitor currently owned by a thread:  ([mutex/lock_event])
[0x00007fcd6f202ca0] Threads_lock - owner thread: 0x00007fcd6d807000
[0x00007fcd6f2031a0] Heap_lock - owner thread: 0x00007fcd6ee1a800

heap address: 0x0000000780000000, size: 1024 MB, Compressed Oops mode: Zero based, Oop shift amount: 3
Narrow klass base: 0x0000000000000000, Narrow klass shift: 3
Compressed class space size: 1073741824 Address: 0x00000007c0000000

Heap:
 garbage-first heap   total 270336K, used 232280K [0x0000000780000000, 0x0000000780100840, 0x00000007c0000000)
  region size 1024K, 146 young (149504K), 20 survivors (20480K)
 Metaspace       used 54379K, capacity 57490K, committed 57728K, reserved 1099776K
  class space    used 6809K, capacity 7703K, committed 7808K, reserved 1048576K

Heap Regions: (Y=young(eden), SU=young(survivor), HS=humongous(starts), HC=humongous(continues), CS=collection set, F=free, TS=gc time stamp, PTAMS=previous top-at-mark-start, NTAMS=next top-at-mark-start)
AC   0  O    TS     0 PTAMS 0x0000000780100000 NTAMS 0x0000000780100000 space 1024K, 100% used [0x0000000780000000, 0x0000000780100000)
AC   0  O    TS     0 PTAMS 0x0000000780200000 NTAMS 0x0000000780200000 space 1024K, 100% used [0x0000000780100000, 0x0000000780200000)
AC   0  O    TS     0 PTAMS 0x0000000780300000 NTAMS 0x0000000780300000 space 1024K, 100% used [0x0000000780200000, 0x0000000780300000)
AC   0  O    TS     0 PTAMS 0x0000000780400000 NTAMS 0x0000000780400000 space 1024K, 100% used [0x0000000780300000, 0x0000000780400000)
AC   0  O    TS     0 PTAMS 0x0000000780500000 NTAMS 0x0000000780500000 space 1024K, 100% used [0x0000000780400000, 0x0000000780500000)
AC   0  O    TS     0 PTAMS 0x0000000780600000 NTAMS 0x0000000780600000 space 1024K, 100% used [0x0000000780500000, 0x0000000780600000)
AC   0  O    TS     0 PTAMS 0x0000000780700000 NTAMS 0x0000000780700000 space 1024K, 100% used [0x0000000780600000, 0x0000000780700000)
AC   0  O    TS     0 PTAMS 0x0000000780800000 NTAMS 0x0000000780800000 space 1024K, 100% used [0x0000000780700000, 0x0000000780800000)
AC   0  O    TS     0 PTAMS 0x0000000780900000 NTAMS 0x0000000780900000 space 1024K, 100% used [0x0000000780800000, 0x0000000780900000)
AC   0  O    TS     0 PTAMS 0x0000000780a00000 NTAMS 0x0000000780a00000 space 1024K, 100% used [0x0000000780900000, 0x0000000780a00000)
AC   0  O    TS     0 PTAMS 0x0000000780b00000 NTAMS 0x0000000780b00000 space 1024K, 100% used [0x0000000780a00000, 0x0000000780b00000)
AC   0  O    TS     0 PTAMS 0x0000000780c00000 NTAMS 0x0000000780c00000 space 1024K, 100% used [0x0000000780b00000, 0x0000000780c00000)
AC   0  O    TS     0 PTAMS 0x0000000780d00000 NTAMS 0x0000000780d00000 space 1024K, 100% used [0x0000000780c00000, 0x0000000780d00000)
AC   0  O    TS     0 PTAMS 0x0000000780e00000 NTAMS 0x0000000780e00000 space 1024K, 100% used [0x0000000780d00000, 0x0000000780e00000)
AC   0  O    TS     0 PTAMS 0x0000000780f00000 NTAMS 0x0000000780f00000 space 1024K, 100% used [0x0000000780e00000, 0x0000000780f00000)
AC   0  O    TS     0 PTAMS 0x0000000781000000 NTAMS 0x0000000781000000 space 1024K, 100% used [0x0000000780f00000, 0x0000000781000000)
AC   0  O    TS     0 PTAMS 0x0000000781100000 NTAMS 0x0000000781100000 space 1024K, 100% used [0x0000000781000000, 0x0000000781100000)
AC   0  O    TS     1 PTAMS 0x0000000781100000 NTAMS 0x0000000781100000 space 1024K, 100% used [0x0000000781100000, 0x0000000781200000)
AC   0  O    TS     0 PTAMS 0x0000000781300000 NTAMS 0x0000000781300000 space 1024K, 100% used [0x0000000781200000, 0x0000000781300000)
AC   0  O    TS     0 PTAMS 0x0000000781400000 NTAMS 0x0000000781400000 space 1024K, 100% used [0x0000000781300000, 0x0000000781400000)
AC   0  O    TS     0 PTAMS 0x0000000781500000 NTAMS 0x0000000781500000 space 1024K, 100% used [0x0000000781400000, 0x0000000781500000)
AC   0  O    TS     0 PTAMS 0x0000000781600000 NTAMS 0x0000000781600000 space 1024K, 100% used [0x0000000781500000, 0x0000000781600000)
AC   0  O    TS     0 PTAMS 0x0000000781700000 NTAMS 0x0000000781700000 space 1024K, 100% used [0x0000000781600000, 0x0000000781700000)
AC   0  O    TS     0 PTAMS 0x0000000781800000 NTAMS 0x0000000781800000 space 1024K, 100% used [0x0000000781700000, 0x0000000781800000)
AC   0  O    TS     0 PTAMS 0x0000000781900000 NTAMS 0x0000000781900000 space 1024K, 100% used [0x0000000781800000, 0x0000000781900000)
AC   0  O    TS     0 PTAMS 0x0000000781a00000 NTAMS 0x0000000781a00000 space 1024K, 100% used [0x0000000781900000, 0x0000000781a00000)
AC   0  O    TS     0 PTAMS 0x0000000781b00000 NTAMS 0x0000000781b00000 space 1024K, 100% used [0x0000000781a00000, 0x0000000781b00000)
AC   0  O    TS     1 PTAMS 0x0000000781b00000 NTAMS 0x0000000781b00000 space 1024K, 100% used [0x0000000781b00000, 0x0000000781c00000)
AC   0  O    TS     1 PTAMS 0x0000000781c00000 NTAMS 0x0000000781c00000 space 1024K, 100% used [0x0000000781c00000, 0x0000000781d00000)
AC   0  O    TS     0 PTAMS 0x0000000781e00000 NTAMS 0x0000000781e00000 space 1024K, 100% used [0x0000000781d00000, 0x0000000781e00000)
AC   0  O    TS     0 PTAMS 0x0000000781f00000 NTAMS 0x0000000781f00000 space 1024K, 100% used [0x0000000781e00000, 0x0000000781f00000)
AC   0  O    TS     0 PTAMS 0x0000000782000000 NTAMS 0x0000000782000000 space 1024K, 100% used [0x0000000781f00000, 0x0000000782000000)
AC   0  O    TS     0 PTAMS 0x0000000782100000 NTAMS 0x0000000782100000 space 1024K, 100% used [0x0000000782000000, 0x0000000782100000)
AC   0  O    TS     0 PTAMS 0x0000000782200000 NTAMS 0x0000000782200000 space 1024K, 100% used [0x0000000782100000, 0x0000000782200000)
AC   0  O    TS     0 PTAMS 0x0000000782300000 NTAMS 0x0000000782300000 space 1024K, 100% used [0x0000000782200000, 0x0000000782300000)
AC   0  O    TS     0 PTAMS 0x0000000782400000 NTAMS 0x0000000782400000 space 1024K, 100% used [0x0000000782300000, 0x0000000782400000)
AC   0  O    TS     0 PTAMS 0x0000000782500000 NTAMS 0x0000000782500000 space 1024K, 100% used [0x0000000782400000, 0x0000000782500000)
AC   0  O    TS     0 PTAMS 0x0000000782600000 NTAMS 0x0000000782600000 space 1024K, 100% used [0x0000000782500000, 0x0000000782600000)
AC   0  O    TS     0 PTAMS 0x0000000782700000 NTAMS 0x0000000782700000 space 1024K, 100% used [0x0000000782600000, 0x0000000782700000)
AC   0  O    TS     0 PTAMS 0x0000000782800000 NTAMS 0x0000000782800000 space 1024K, 100% used [0x0000000782700000, 0x0000000782800000)
AC   0  O    TS     1 PTAMS 0x0000000782800000 NTAMS 0x0000000782800000 space 1024K, 100% used [0x0000000782800000, 0x0000000782900000)
AC   0  O    TS     0 PTAMS 0x0000000782a00000 NTAMS 0x0000000782a00000 space 1024K, 100% used [0x0000000782900000, 0x0000000782a00000)
AC   0  O    TS     0 PTAMS 0x0000000782b00000 NTAMS 0x0000000782b00000 space 1024K, 100% used [0x0000000782a00000, 0x0000000782b00000)
AC   0 HS    TS     0 PTAMS 0x0000000782c4a7a0 NTAMS 0x0000000782c4a7a0 space 2048K,  64% used [0x0000000782b00000, 0x0000000782d00000)
AC   0 HC    TS     0 PTAMS 0x0000000782c00000 NTAMS 0x0000000782c00000 space 1024K,  29% used [0x0000000782c00000, 0x0000000782d00000)
AC   0  O    TS     1 PTAMS 0x0000000782d00000 NTAMS 0x0000000782d00000 space 1024K, 100% used [0x0000000782d00000, 0x0000000782e00000)
AC   0  O    TS     0 PTAMS 0x0000000782f00000 NTAMS 0x0000000782f00000 space 1024K, 100% used [0x0000000782e00000, 0x0000000782f00000)
AC   0  O    TS     1 PTAMS 0x0000000782f00000 NTAMS 0x0000000782f00000 space 1024K, 100% used [0x0000000782f00000, 0x0000000783000000)
AC   0  O    TS     0 PTAMS 0x0000000783100000 NTAMS 0x0000000783100000 space 1024K, 100% used [0x0000000783000000, 0x0000000783100000)
AC   0  O    TS     0 PTAMS 0x0000000783200000 NTAMS 0x0000000783200000 space 1024K, 100% used [0x0000000783100000, 0x0000000783200000)
AC   0  O    TS     0 PTAMS 0x0000000783300000 NTAMS 0x0000000783300000 space 1024K, 100% used [0x0000000783200000, 0x0000000783300000)
AC   0  O    TS     1 PTAMS 0x0000000783300000 NTAMS 0x0000000783300000 space 1024K, 100% used [0x0000000783300000, 0x0000000783400000)
AC   0  O    TS     1 PTAMS 0x0000000783400000 NTAMS 0x0000000783400000 space 1024K, 100% used [0x0000000783400000, 0x0000000783500000)
AC   0  S    TS     1 PTAMS 0x0000000783500000 NTAMS 0x0000000783500000 space 1024K, 100% used [0x0000000783500000, 0x0000000783600000)
AC   0  O    TS     0 PTAMS 0x0000000783700000 NTAMS 0x0000000783700000 space 1024K, 100% used [0x0000000783600000, 0x0000000783700000)
AC   0 HS    TS     0 PTAMS 0x000000078384a798 NTAMS 0x000000078384a798 space 2048K,  64% used [0x0000000783700000, 0x0000000783900000)
AC   0 HC    TS     0 PTAMS 0x0000000783800000 NTAMS 0x0000000783800000 space 1024K,  29% used [0x0000000783800000, 0x0000000783900000)
AC   0  S    TS     1 PTAMS 0x0000000783900000 NTAMS 0x0000000783900000 space 1024K, 100% used [0x0000000783900000, 0x0000000783a00000)
AC   0  S    TS     1 PTAMS 0x0000000783a00000 NTAMS 0x0000000783a00000 space 1024K, 100% used [0x0000000783a00000, 0x0000000783b00000)
AC   0  O    TS     0 PTAMS 0x0000000783c00000 NTAMS 0x0000000783c00000 space 1024K, 100% used [0x0000000783b00000, 0x0000000783c00000)
AC   0  S    TS     1 PTAMS 0x0000000783c00000 NTAMS 0x0000000783c00000 space 1024K, 100% used [0x0000000783c00000, 0x0000000783d00000)
AC   0  S    TS     1 PTAMS 0x0000000783d00000 NTAMS 0x0000000783d00000 space 1024K, 100% used [0x0000000783d00000, 0x0000000783e00000)
AC   0  S    TS     1 PTAMS 0x0000000783e00000 NTAMS 0x0000000783e00000 space 1024K, 100% used [0x0000000783e00000, 0x0000000783f00000)
AC   0  S    TS     1 PTAMS 0x0000000783f00000 NTAMS 0x0000000783f00000 space 1024K, 100% used [0x0000000783f00000, 0x0000000784000000)
AC   0  S    TS     1 PTAMS 0x0000000784000000 NTAMS 0x0000000784000000 space 1024K, 100% used [0x0000000784000000, 0x0000000784100000)
AC   0  S    TS     1 PTAMS 0x0000000784100000 NTAMS 0x0000000784100000 space 1024K, 100% used [0x0000000784100000, 0x0000000784200000)
AC   0  S    TS     1 PTAMS 0x0000000784200000 NTAMS 0x0000000784200000 space 1024K, 100% used [0x0000000784200000, 0x0000000784300000)
AC   0  S    TS     1 PTAMS 0x0000000784300000 NTAMS 0x0000000784300000 space 1024K, 100% used [0x0000000784300000, 0x0000000784400000)
AC   0  S    TS     1 PTAMS 0x0000000784400000 NTAMS 0x0000000784400000 space 1024K, 100% used [0x0000000784400000, 0x0000000784500000)
AC   0  S    TS     1 PTAMS 0x0000000784500000 NTAMS 0x0000000784500000 space 1024K, 100% used [0x0000000784500000, 0x0000000784600000)
AC   0  S    TS     1 PTAMS 0x0000000784600000 NTAMS 0x0000000784600000 space 1024K, 100% used [0x0000000784600000, 0x0000000784700000)
AC   0 HS    TS     0 PTAMS 0x00000007851c05d8 NTAMS 0x00000007851c05d8 space 11264K,  97% used [0x0000000784700000, 0x0000000785200000)
AC   0 HC    TS     0 PTAMS 0x0000000784800000 NTAMS 0x0000000784800000 space 1024K, 100% used [0x0000000784800000, 0x0000000784900000)
AC   0 HC    TS     0 PTAMS 0x0000000784900000 NTAMS 0x0000000784900000 space 1024K, 100% used [0x0000000784900000, 0x0000000784a00000)
AC   0 HC    TS     0 PTAMS 0x0000000784a00000 NTAMS 0x0000000784a00000 space 1024K, 100% used [0x0000000784a00000, 0x0000000784b00000)
AC   0 HC    TS     0 PTAMS 0x0000000784b00000 NTAMS 0x0000000784b00000 space 1024K, 100% used [0x0000000784b00000, 0x0000000784c00000)
AC   0 HC    TS     0 PTAMS 0x0000000784c00000 NTAMS 0x0000000784c00000 space 1024K, 100% used [0x0000000784c00000, 0x0000000784d00000)
AC   0 HC    TS     0 PTAMS 0x0000000784d00000 NTAMS 0x0000000784d00000 space 1024K, 100% used [0x0000000784d00000, 0x0000000784e00000)
AC   0 HC    TS     0 PTAMS 0x0000000784e00000 NTAMS 0x0000000784e00000 space 1024K, 100% used [0x0000000784e00000, 0x0000000784f00000)
AC   0 HC    TS     0 PTAMS 0x0000000784f00000 NTAMS 0x0000000784f00000 space 1024K, 100% used [0x0000000784f00000, 0x0000000785000000)
AC   0 HC    TS     0 PTAMS 0x0000000785000000 NTAMS 0x0000000785000000 space 1024K, 100% used [0x0000000785000000, 0x0000000785100000)
AC   0 HC    TS     0 PTAMS 0x0000000785100000 NTAMS 0x0000000785100000 space 1024K,  75% used [0x0000000785100000, 0x0000000785200000)
AC   0 HS    TS     0 PTAMS 0x0000000785200000 NTAMS 0x0000000785200000 space 22528K,  97% used [0x0000000785200000, 0x0000000786800000)
AC   0 HC    TS     0 PTAMS 0x0000000785300000 NTAMS 0x0000000785300000 space 1024K, 100% used [0x0000000785300000, 0x0000000785400000)
AC   0 HC    TS     0 PTAMS 0x0000000785400000 NTAMS 0x0000000785400000 space 1024K, 100% used [0x0000000785400000, 0x0000000785500000)
AC   0 HC    TS     0 PTAMS 0x0000000785500000 NTAMS 0x0000000785500000 space 1024K, 100% used [0x0000000785500000, 0x0000000785600000)
AC   0 HC    TS     0 PTAMS 0x0000000785600000 NTAMS 0x0000000785600000 space 1024K, 100% used [0x0000000785600000, 0x0000000785700000)
AC   0 HC    TS     0 PTAMS 0x0000000785700000 NTAMS 0x0000000785700000 space 1024K, 100% used [0x0000000785700000, 0x0000000785800000)
AC   0 HC    TS     0 PTAMS 0x0000000785800000 NTAMS 0x0000000785800000 space 1024K, 100% used [0x0000000785800000, 0x0000000785900000)
AC   0 HC    TS     0 PTAMS 0x0000000785900000 NTAMS 0x0000000785900000 space 1024K, 100% used [0x0000000785900000, 0x0000000785a00000)
AC   0 HC    TS     0 PTAMS 0x0000000785a00000 NTAMS 0x0000000785a00000 space 1024K, 100% used [0x0000000785a00000, 0x0000000785b00000)
AC   0 HC    TS     0 PTAMS 0x0000000785b00000 NTAMS 0x0000000785b00000 space 1024K, 100% used [0x0000000785b00000, 0x0000000785c00000)
AC   0 HC    TS     0 PTAMS 0x0000000785c00000 NTAMS 0x0000000785c00000 space 1024K, 100% used [0x0000000785c00000, 0x0000000785d00000)
AC   0 HC    TS     0 PTAMS 0x0000000785d00000 NTAMS 0x0000000785d00000 space 1024K, 100% used [0x0000000785d00000, 0x0000000785e00000)
AC   0 HC    TS     0 PTAMS 0x0000000785e00000 NTAMS 0x0000000785e00000 space 1024K, 100% used [0x0000000785e00000, 0x0000000785f00000)
AC   0 HC    TS     0 PTAMS 0x0000000785f00000 NTAMS 0x0000000785f00000 space 1024K, 100% used [0x0000000785f00000, 0x0000000786000000)
AC   0 HC    TS     0 PTAMS 0x0000000786000000 NTAMS 0x0000000786000000 space 1024K, 100% used [0x0000000786000000, 0x0000000786100000)
AC   0 HC    TS     0 PTAMS 0x0000000786100000 NTAMS 0x0000000786100000 space 1024K, 100% used [0x0000000786100000, 0x0000000786200000)
AC   0 HC    TS     0 PTAMS 0x0000000786200000 NTAMS 0x0000000786200000 space 1024K, 100% used [0x0000000786200000, 0x0000000786300000)
AC   0 HC    TS     0 PTAMS 0x0000000786300000 NTAMS 0x0000000786300000 space 1024K, 100% used [0x0000000786300000, 0x0000000786400000)
AC   0 HC    TS     0 PTAMS 0x0000000786400000 NTAMS 0x0000000786400000 space 1024K, 100% used [0x0000000786400000, 0x0000000786500000)
AC   0 HC    TS     0 PTAMS 0x0000000786500000 NTAMS 0x0000000786500000 space 1024K, 100% used [0x0000000786500000, 0x0000000786600000)
AC   0 HC    TS     0 PTAMS 0x0000000786600000 NTAMS 0x0000000786600000 space 1024K, 100% used [0x0000000786600000, 0x0000000786700000)
AC   0 HC    TS     0 PTAMS 0x0000000786700000 NTAMS 0x0000000786700000 space 1024K,  50% used [0x0000000786700000, 0x0000000786800000)
AC   0  S    TS     1 PTAMS 0x0000000786800000 NTAMS 0x0000000786800000 space 1024K, 100% used [0x0000000786800000, 0x0000000786900000)
AC   0  S    TS     1 PTAMS 0x0000000786900000 NTAMS 0x0000000786900000 space 1024K, 100% used [0x0000000786900000, 0x0000000786a00000)
AC   0  S    TS     1 PTAMS 0x0000000786a00000 NTAMS 0x0000000786a00000 space 1024K, 100% used [0x0000000786a00000, 0x0000000786b00000)
AC   0  S    TS     1 PTAMS 0x0000000786b00000 NTAMS 0x0000000786b00000 space 1024K, 100% used [0x0000000786b00000, 0x0000000786c00000)
AC   0  S    TS     1 PTAMS 0x0000000786c00000 NTAMS 0x0000000786c00000 space 1024K, 100% used [0x0000000786c00000, 0x0000000786d00000)
AC   0  E CS TS     0 PTAMS 0x0000000786d00000 NTAMS 0x0000000786d00000 space 1024K, 100% used [0x0000000786d00000, 0x0000000786e00000)
AC   0  E CS TS     0 PTAMS 0x0000000786e00000 NTAMS 0x0000000786e00000 space 1024K, 100% used [0x0000000786e00000, 0x0000000786f00000)
AC   0  E CS TS     0 PTAMS 0x0000000786f00000 NTAMS 0x0000000786f00000 space 1024K, 100% used [0x0000000786f00000, 0x0000000787000000)
AC   0  E CS TS     0 PTAMS 0x0000000787000000 NTAMS 0x0000000787000000 space 1024K, 100% used [0x0000000787000000, 0x0000000787100000)
AC   0  E CS TS     0 PTAMS 0x0000000787100000 NTAMS 0x0000000787100000 space 1024K, 100% used [0x0000000787100000, 0x0000000787200000)
AC   0  E CS TS     0 PTAMS 0x0000000787200000 NTAMS 0x0000000787200000 space 1024K, 100% used [0x0000000787200000, 0x0000000787300000)
AC   0  E CS TS     0 PTAMS 0x0000000787300000 NTAMS 0x0000000787300000 space 1024K, 100% used [0x0000000787300000, 0x0000000787400000)
AC   0  E CS TS     0 PTAMS 0x0000000787400000 NTAMS 0x0000000787400000 space 1024K, 100% used [0x0000000787400000, 0x0000000787500000)
AC   0  E CS TS     0 PTAMS 0x0000000787500000 NTAMS 0x0000000787500000 space 1024K, 100% used [0x0000000787500000, 0x0000000787600000)
AC   0  E CS TS     0 PTAMS 0x0000000787600000 NTAMS 0x0000000787600000 space 1024K, 100% used [0x0000000787600000, 0x0000000787700000)
AC   0  E CS TS     0 PTAMS 0x0000000787700000 NTAMS 0x0000000787700000 space 1024K, 100% used [0x0000000787700000, 0x0000000787800000)
AC   0  E CS TS     0 PTAMS 0x0000000787800000 NTAMS 0x0000000787800000 space 1024K, 100% used [0x0000000787800000, 0x0000000787900000)
AC   0  E CS TS     0 PTAMS 0x0000000787900000 NTAMS 0x0000000787900000 space 1024K, 100% used [0x0000000787900000, 0x0000000787a00000)
AC   0  E CS TS     0 PTAMS 0x0000000787a00000 NTAMS 0x0000000787a00000 space 1024K, 100% used [0x0000000787a00000, 0x0000000787b00000)
AC   0  E CS TS     0 PTAMS 0x0000000787b00000 NTAMS 0x0000000787b00000 space 1024K, 100% used [0x0000000787b00000, 0x0000000787c00000)
AC   0  E CS TS     0 PTAMS 0x0000000787c00000 NTAMS 0x0000000787c00000 space 1024K, 100% used [0x0000000787c00000, 0x0000000787d00000)
AC   0  E CS TS     0 PTAMS 0x0000000787d00000 NTAMS 0x0000000787d00000 space 1024K, 100% used [0x0000000787d00000, 0x0000000787e00000)
AC   0  E CS TS     0 PTAMS 0x0000000787e00000 NTAMS 0x0000000787e00000 space 1024K, 100% used [0x0000000787e00000, 0x0000000787f00000)
AC   0  E CS TS     0 PTAMS 0x0000000787f00000 NTAMS 0x0000000787f00000 space 1024K, 100% used [0x0000000787f00000, 0x0000000788000000)
AC   0  E CS TS     0 PTAMS 0x0000000788000000 NTAMS 0x0000000788000000 space 1024K, 100% used [0x0000000788000000, 0x0000000788100000)
AC   0  E CS TS     0 PTAMS 0x0000000788100000 NTAMS 0x0000000788100000 space 1024K, 100% used [0x0000000788100000, 0x0000000788200000)
AC   0  E CS TS     0 PTAMS 0x0000000788200000 NTAMS 0x0000000788200000 space 1024K, 100% used [0x0000000788200000, 0x0000000788300000)
AC   0  E CS TS     0 PTAMS 0x0000000788300000 NTAMS 0x0000000788300000 space 1024K, 100% used [0x0000000788300000, 0x0000000788400000)
AC   0  E CS TS     0 PTAMS 0x0000000788400000 NTAMS 0x0000000788400000 space 1024K, 100% used [0x0000000788400000, 0x0000000788500000)
AC   0  E CS TS     0 PTAMS 0x0000000788500000 NTAMS 0x0000000788500000 space 1024K, 100% used [0x0000000788500000, 0x0000000788600000)
AC   0  E CS TS     0 PTAMS 0x0000000788600000 NTAMS 0x0000000788600000 space 1024K, 100% used [0x0000000788600000, 0x0000000788700000)
AC   0  E CS TS     0 PTAMS 0x0000000788700000 NTAMS 0x0000000788700000 space 1024K, 100% used [0x0000000788700000, 0x0000000788800000)
AC   0  O    TS     0 PTAMS 0x0000000788900000 NTAMS 0x0000000788900000 space 1024K, 100% used [0x0000000788800000, 0x0000000788900000)
AC   0  E CS TS     0 PTAMS 0x0000000788900000 NTAMS 0x0000000788900000 space 1024K, 100% used [0x0000000788900000, 0x0000000788a00000)
AC   0  E CS TS     0 PTAMS 0x0000000788a00000 NTAMS 0x0000000788a00000 space 1024K, 100% used [0x0000000788a00000, 0x0000000788b00000)
AC   0  E CS TS     0 PTAMS 0x0000000788b00000 NTAMS 0x0000000788b00000 space 1024K, 100% used [0x0000000788b00000, 0x0000000788c00000)
AC   0  E CS TS     0 PTAMS 0x0000000788c00000 NTAMS 0x0000000788c00000 space 1024K, 100% used [0x0000000788c00000, 0x0000000788d00000)
AC   0  E CS TS     0 PTAMS 0x0000000788d00000 NTAMS 0x0000000788d00000 space 1024K, 100% used [0x0000000788d00000, 0x0000000788e00000)
AC   0  E CS TS     0 PTAMS 0x0000000788e00000 NTAMS 0x0000000788e00000 space 1024K,  99% used [0x0000000788e00000, 0x0000000788f00000)
AC   0  E CS TS     0 PTAMS 0x0000000788f00000 NTAMS 0x0000000788f00000 space 1024K, 100% used [0x0000000788f00000, 0x0000000789000000)
AC   0  E CS TS     0 PTAMS 0x0000000789000000 NTAMS 0x0000000789000000 space 1024K, 100% used [0x0000000789000000, 0x0000000789100000)
AC   0  E CS TS     0 PTAMS 0x0000000789100000 NTAMS 0x0000000789100000 space 1024K, 100% used [0x0000000789100000, 0x0000000789200000)
AC   0  E CS TS     0 PTAMS 0x0000000789200000 NTAMS 0x0000000789200000 space 1024K, 100% used [0x0000000789200000, 0x0000000789300000)
AC   0  E CS TS     0 PTAMS 0x0000000789300000 NTAMS 0x0000000789300000 space 1024K, 100% used [0x0000000789300000, 0x0000000789400000)
AC   0  E CS TS     0 PTAMS 0x0000000789400000 NTAMS 0x0000000789400000 space 1024K, 100% used [0x0000000789400000, 0x0000000789500000)
AC   0  E CS TS     0 PTAMS 0x0000000789500000 NTAMS 0x0000000789500000 space 1024K, 100% used [0x0000000789500000, 0x0000000789600000)
AC   0  E CS TS     0 PTAMS 0x0000000789600000 NTAMS 0x0000000789600000 space 1024K, 100% used [0x0000000789600000, 0x0000000789700000)
AC   0  E CS TS     0 PTAMS 0x0000000789700000 NTAMS 0x0000000789700000 space 1024K, 100% used [0x0000000789700000, 0x0000000789800000)
AC   0  E CS TS     0 PTAMS 0x0000000789800000 NTAMS 0x0000000789800000 space 1024K, 100% used [0x0000000789800000, 0x0000000789900000)
AC   0  E CS TS     0 PTAMS 0x0000000789900000 NTAMS 0x0000000789900000 space 1024K, 100% used [0x0000000789900000, 0x0000000789a00000)
AC   0  E CS TS     0 PTAMS 0x0000000789a00000 NTAMS 0x0000000789a00000 space 1024K, 100% used [0x0000000789a00000, 0x0000000789b00000)
AC   0  E CS TS     0 PTAMS 0x0000000789b00000 NTAMS 0x0000000789b00000 space 1024K, 100% used [0x0000000789b00000, 0x0000000789c00000)
AC   0  E CS TS     0 PTAMS 0x0000000789c00000 NTAMS 0x0000000789c00000 space 1024K, 100% used [0x0000000789c00000, 0x0000000789d00000)
AC   0  E CS TS     0 PTAMS 0x0000000789d00000 NTAMS 0x0000000789d00000 space 1024K, 100% used [0x0000000789d00000, 0x0000000789e00000)
AC   0  E CS TS     0 PTAMS 0x0000000789e00000 NTAMS 0x0000000789e00000 space 1024K, 100% used [0x0000000789e00000, 0x0000000789f00000)
AC   0  E CS TS     0 PTAMS 0x0000000789f00000 NTAMS 0x0000000789f00000 space 1024K, 100% used [0x0000000789f00000, 0x000000078a000000)
AC   0  E CS TS     0 PTAMS 0x000000078a000000 NTAMS 0x000000078a000000 space 1024K, 100% used [0x000000078a000000, 0x000000078a100000)
AC   0  E CS TS     0 PTAMS 0x000000078a100000 NTAMS 0x000000078a100000 space 1024K, 100% used [0x000000078a100000, 0x000000078a200000)
AC   0  E CS TS     0 PTAMS 0x000000078a200000 NTAMS 0x000000078a200000 space 1024K, 100% used [0x000000078a200000, 0x000000078a300000)
AC   0  E CS TS     0 PTAMS 0x000000078a300000 NTAMS 0x000000078a300000 space 1024K, 100% used [0x000000078a300000, 0x000000078a400000)
AC   0  E CS TS     0 PTAMS 0x000000078a400000 NTAMS 0x000000078a400000 space 1024K, 100% used [0x000000078a400000, 0x000000078a500000)
AC   0  E CS TS     0 PTAMS 0x000000078a500000 NTAMS 0x000000078a500000 space 1024K, 100% used [0x000000078a500000, 0x000000078a600000)
AC   0  E CS TS     0 PTAMS 0x000000078a600000 NTAMS 0x000000078a600000 space 1024K, 100% used [0x000000078a600000, 0x000000078a700000)
AC   0  E CS TS     0 PTAMS 0x000000078a700000 NTAMS 0x000000078a700000 space 1024K, 100% used [0x000000078a700000, 0x000000078a800000)
AC   0  E CS TS     0 PTAMS 0x000000078a800000 NTAMS 0x000000078a800000 space 1024K, 100% used [0x000000078a800000, 0x000000078a900000)
AC   0  E CS TS     0 PTAMS 0x000000078a900000 NTAMS 0x000000078a900000 space 1024K, 100% used [0x000000078a900000, 0x000000078aa00000)
AC   0  E CS TS     0 PTAMS 0x000000078aa00000 NTAMS 0x000000078aa00000 space 1024K, 100% used [0x000000078aa00000, 0x000000078ab00000)
AC   0  E CS TS     0 PTAMS 0x000000078ab00000 NTAMS 0x000000078ab00000 space 1024K, 100% used [0x000000078ab00000, 0x000000078ac00000)
AC   0  E CS TS     0 PTAMS 0x000000078ac00000 NTAMS 0x000000078ac00000 space 1024K, 100% used [0x000000078ac00000, 0x000000078ad00000)
AC   0  E CS TS     0 PTAMS 0x000000078ad00000 NTAMS 0x000000078ad00000 space 1024K, 100% used [0x000000078ad00000, 0x000000078ae00000)
AC   0  E CS TS     0 PTAMS 0x000000078ae00000 NTAMS 0x000000078ae00000 space 1024K, 100% used [0x000000078ae00000, 0x000000078af00000)
AC   0  E CS TS     0 PTAMS 0x000000078af00000 NTAMS 0x000000078af00000 space 1024K, 100% used [0x000000078af00000, 0x000000078b000000)
AC   0  E CS TS     0 PTAMS 0x000000078b000000 NTAMS 0x000000078b000000 space 1024K, 100% used [0x000000078b000000, 0x000000078b100000)
AC   0  E CS TS     0 PTAMS 0x000000078b100000 NTAMS 0x000000078b100000 space 1024K, 100% used [0x000000078b100000, 0x000000078b200000)
AC   0  E CS TS     0 PTAMS 0x000000078b200000 NTAMS 0x000000078b200000 space 1024K, 100% used [0x000000078b200000, 0x000000078b300000)
AC   0  E CS TS     0 PTAMS 0x000000078b300000 NTAMS 0x000000078b300000 space 1024K, 100% used [0x000000078b300000, 0x000000078b400000)
AC   0  E CS TS     0 PTAMS 0x000000078b400000 NTAMS 0x000000078b400000 space 1024K, 100% used [0x000000078b400000, 0x000000078b500000)
AC   0  E CS TS     0 PTAMS 0x000000078b500000 NTAMS 0x000000078b500000 space 1024K, 100% used [0x000000078b500000, 0x000000078b600000)
AC   0  E CS TS     0 PTAMS 0x000000078b600000 NTAMS 0x000000078b600000 space 1024K, 100% used [0x000000078b600000, 0x000000078b700000)
AC   0  E CS TS     0 PTAMS 0x000000078b700000 NTAMS 0x000000078b700000 space 1024K, 100% used [0x000000078b700000, 0x000000078b800000)
AC   0  E CS TS     0 PTAMS 0x000000078b800000 NTAMS 0x000000078b800000 space 1024K, 100% used [0x000000078b800000, 0x000000078b900000)
AC   0  E CS TS     0 PTAMS 0x000000078b900000 NTAMS 0x000000078b900000 space 1024K, 100% used [0x000000078b900000, 0x000000078ba00000)
AC   0  E CS TS     0 PTAMS 0x000000078ba00000 NTAMS 0x000000078ba00000 space 1024K, 100% used [0x000000078ba00000, 0x000000078bb00000)
AC   0  E CS TS     0 PTAMS 0x000000078bb00000 NTAMS 0x000000078bb00000 space 1024K, 100% used [0x000000078bb00000, 0x000000078bc00000)
AC   0  E CS TS     0 PTAMS 0x000000078bc00000 NTAMS 0x000000078bc00000 space 1024K, 100% used [0x000000078bc00000, 0x000000078bd00000)
AC   0  E CS TS     0 PTAMS 0x000000078bd00000 NTAMS 0x000000078bd00000 space 1024K, 100% used [0x000000078bd00000, 0x000000078be00000)
AC   0  E CS TS     0 PTAMS 0x000000078be00000 NTAMS 0x000000078be00000 space 1024K, 100% used [0x000000078be00000, 0x000000078bf00000)
AC   0  E CS TS     0 PTAMS 0x000000078bf00000 NTAMS 0x000000078bf00000 space 1024K, 100% used [0x000000078bf00000, 0x000000078c000000)
AC   0  E CS TS     0 PTAMS 0x000000078c000000 NTAMS 0x000000078c000000 space 1024K, 100% used [0x000000078c000000, 0x000000078c100000)
AC   0  E CS TS     0 PTAMS 0x000000078c100000 NTAMS 0x000000078c100000 space 1024K, 100% used [0x000000078c100000, 0x000000078c200000)
AC   0  E CS TS     0 PTAMS 0x000000078c200000 NTAMS 0x000000078c200000 space 1024K, 100% used [0x000000078c200000, 0x000000078c300000)
AC   0  E CS TS     0 PTAMS 0x000000078c300000 NTAMS 0x000000078c300000 space 1024K, 100% used [0x000000078c300000, 0x000000078c400000)
AC   0  E CS TS     0 PTAMS 0x000000078c400000 NTAMS 0x000000078c400000 space 1024K, 100% used [0x000000078c400000, 0x000000078c500000)
AC   0  E CS TS     0 PTAMS 0x000000078c500000 NTAMS 0x000000078c500000 space 1024K, 100% used [0x000000078c500000, 0x000000078c600000)
AC   0  E CS TS     0 PTAMS 0x000000078c600000 NTAMS 0x000000078c600000 space 1024K, 100% used [0x000000078c600000, 0x000000078c700000)
AC   0  E CS TS     0 PTAMS 0x000000078c700000 NTAMS 0x000000078c700000 space 1024K, 100% used [0x000000078c700000, 0x000000078c800000)
AC   0  E CS TS     0 PTAMS 0x000000078c800000 NTAMS 0x000000078c800000 space 1024K, 100% used [0x000000078c800000, 0x000000078c900000)
AC   0  E CS TS     0 PTAMS 0x000000078c900000 NTAMS 0x000000078c900000 space 1024K, 100% used [0x000000078c900000, 0x000000078ca00000)
AC   0  E CS TS     0 PTAMS 0x000000078ca00000 NTAMS 0x000000078ca00000 space 1024K, 100% used [0x000000078ca00000, 0x000000078cb00000)
AC   0  E CS TS     0 PTAMS 0x000000078cb00000 NTAMS 0x000000078cb00000 space 1024K, 100% used [0x000000078cb00000, 0x000000078cc00000)
AC   0  E CS TS     0 PTAMS 0x000000078cc00000 NTAMS 0x000000078cc00000 space 1024K, 100% used [0x000000078cc00000, 0x000000078cd00000)
AC   0  E CS TS     0 PTAMS 0x000000078cd00000 NTAMS 0x000000078cd00000 space 1024K, 100% used [0x000000078cd00000, 0x000000078ce00000)
AC   0  E CS TS     0 PTAMS 0x000000078ce00000 NTAMS 0x000000078ce00000 space 1024K, 100% used [0x000000078ce00000, 0x000000078cf00000)
AC   0  E CS TS     0 PTAMS 0x000000078cf00000 NTAMS 0x000000078cf00000 space 1024K, 100% used [0x000000078cf00000, 0x000000078d000000)
AC   0  E CS TS     0 PTAMS 0x000000078d000000 NTAMS 0x000000078d000000 space 1024K, 100% used [0x000000078d000000, 0x000000078d100000)
AC   0  E CS TS     0 PTAMS 0x000000078d100000 NTAMS 0x000000078d100000 space 1024K, 100% used [0x000000078d100000, 0x000000078d200000)
AC   0  E CS TS     0 PTAMS 0x000000078d200000 NTAMS 0x000000078d200000 space 1024K, 100% used [0x000000078d200000, 0x000000078d300000)
AC   0  E CS TS     0 PTAMS 0x000000078d300000 NTAMS 0x000000078d300000 space 1024K, 100% used [0x000000078d300000, 0x000000078d400000)
AC   0  E CS TS     0 PTAMS 0x000000078d400000 NTAMS 0x000000078d400000 space 1024K, 100% used [0x000000078d400000, 0x000000078d500000)
AC   0  E CS TS     0 PTAMS 0x000000078d500000 NTAMS 0x000000078d500000 space 1024K, 100% used [0x000000078d500000, 0x000000078d600000)
AC   0  E CS TS     0 PTAMS 0x000000078d600000 NTAMS 0x000000078d600000 space 1024K, 100% used [0x000000078d600000, 0x000000078d700000)
AC   0  E CS TS     0 PTAMS 0x000000078d700000 NTAMS 0x000000078d700000 space 1024K, 100% used [0x000000078d700000, 0x000000078d800000)
AC   0  E CS TS     0 PTAMS 0x000000078d800000 NTAMS 0x000000078d800000 space 1024K, 100% used [0x000000078d800000, 0x000000078d900000)
AC   0  E CS TS     0 PTAMS 0x000000078d900000 NTAMS 0x000000078d900000 space 1024K, 100% used [0x000000078d900000, 0x000000078da00000)
AC   0  E CS TS     0 PTAMS 0x000000078da00000 NTAMS 0x000000078da00000 space 1024K, 100% used [0x000000078da00000, 0x000000078db00000)
AC   0  E CS TS     0 PTAMS 0x000000078db00000 NTAMS 0x000000078db00000 space 1024K, 100% used [0x000000078db00000, 0x000000078dc00000)
AC   0  E CS TS     0 PTAMS 0x000000078dc00000 NTAMS 0x000000078dc00000 space 1024K, 100% used [0x000000078dc00000, 0x000000078dd00000)
AC   0  E CS TS     0 PTAMS 0x000000078dd00000 NTAMS 0x000000078dd00000 space 1024K, 100% used [0x000000078dd00000, 0x000000078de00000)
AC   0  E CS TS     0 PTAMS 0x000000078de00000 NTAMS 0x000000078de00000 space 1024K, 100% used [0x000000078de00000, 0x000000078df00000)
AC   0  E CS TS     0 PTAMS 0x000000078df00000 NTAMS 0x000000078df00000 space 1024K, 100% used [0x000000078df00000, 0x000000078e000000)
AC   0  E CS TS     0 PTAMS 0x000000078e000000 NTAMS 0x000000078e000000 space 1024K, 100% used [0x000000078e000000, 0x000000078e100000)
AC   0  E CS TS     0 PTAMS 0x000000078e100000 NTAMS 0x000000078e100000 space 1024K, 100% used [0x000000078e100000, 0x000000078e200000)
AC   0  E CS TS     0 PTAMS 0x000000078e200000 NTAMS 0x000000078e200000 space 1024K, 100% used [0x000000078e200000, 0x000000078e300000)
AC   0  E CS TS     0 PTAMS 0x000000078e300000 NTAMS 0x000000078e300000 space 1024K, 100% used [0x000000078e300000, 0x000000078e400000)
AC   0  E CS TS     0 PTAMS 0x000000078e400000 NTAMS 0x000000078e400000 space 1024K, 100% used [0x000000078e400000, 0x000000078e500000)
AC   0  E CS TS     0 PTAMS 0x000000078e500000 NTAMS 0x000000078e500000 space 1024K, 100% used [0x000000078e500000, 0x000000078e600000)
AC   0  E CS TS     0 PTAMS 0x000000078e600000 NTAMS 0x000000078e600000 space 1024K, 100% used [0x000000078e600000, 0x000000078e700000)
AC   0  E CS TS     0 PTAMS 0x000000078e700000 NTAMS 0x000000078e700000 space 1024K, 100% used [0x000000078e700000, 0x000000078e800000)
AC   0  E CS TS     0 PTAMS 0x000000078e800000 NTAMS 0x000000078e800000 space 1024K, 100% used [0x000000078e800000, 0x000000078e900000)
AC   0  E CS TS     0 PTAMS 0x000000078e900000 NTAMS 0x000000078e900000 space 1024K, 100% used [0x000000078e900000, 0x000000078ea00000)
AC   0  E CS TS     0 PTAMS 0x000000078ea00000 NTAMS 0x000000078ea00000 space 1024K, 100% used [0x000000078ea00000, 0x000000078eb00000)
AC   0  E CS TS     0 PTAMS 0x000000078eb00000 NTAMS 0x000000078eb00000 space 1024K, 100% used [0x000000078eb00000, 0x000000078ec00000)
AC   0  E CS TS     0 PTAMS 0x000000078ec00000 NTAMS 0x000000078ec00000 space 1024K, 100% used [0x000000078ec00000, 0x000000078ed00000)
AC   0  E CS TS     0 PTAMS 0x000000078ed00000 NTAMS 0x000000078ed00000 space 1024K, 100% used [0x000000078ed00000, 0x000000078ee00000)
AC   0  E CS TS     0 PTAMS 0x000000078ee00000 NTAMS 0x000000078ee00000 space 1024K, 100% used [0x000000078ee00000, 0x000000078ef00000)
AC   0  E CS TS     0 PTAMS 0x000000078ef00000 NTAMS 0x000000078ef00000 space 1024K, 100% used [0x000000078ef00000, 0x000000078f000000)
AC   0  E CS TS     0 PTAMS 0x000000078f000000 NTAMS 0x000000078f000000 space 1024K, 100% used [0x000000078f000000, 0x000000078f100000)
AC   0  E CS TS     0 PTAMS 0x000000078f100000 NTAMS 0x000000078f100000 space 1024K, 100% used [0x000000078f100000, 0x000000078f200000)
AC   0  E CS TS     0 PTAMS 0x000000078f200000 NTAMS 0x000000078f200000 space 1024K, 100% used [0x000000078f200000, 0x000000078f300000)
AC   0  E CS TS     0 PTAMS 0x000000078f300000 NTAMS 0x000000078f300000 space 1024K, 100% used [0x000000078f300000, 0x000000078f400000)
AC   0  E CS TS     0 PTAMS 0x000000078f400000 NTAMS 0x000000078f400000 space 1024K, 100% used [0x000000078f400000, 0x000000078f500000)
AC   0  E CS TS     0 PTAMS 0x000000078f500000 NTAMS 0x000000078f500000 space 1024K, 100% used [0x000000078f500000, 0x000000078f600000)
AC   0  E CS TS     0 PTAMS 0x000000078f600000 NTAMS 0x000000078f600000 space 1024K, 100% used [0x000000078f600000, 0x000000078f700000)
AC   0  E CS TS     0 PTAMS 0x000000078f700000 NTAMS 0x000000078f700000 space 1024K, 100% used [0x000000078f700000, 0x000000078f800000)
AC   0  E CS TS     0 PTAMS 0x000000078f800000 NTAMS 0x000000078f800000 space 1024K, 100% used [0x000000078f800000, 0x000000078f900000)
AC   0  E CS TS     0 PTAMS 0x000000078f900000 NTAMS 0x000000078f900000 space 1024K, 100% used [0x000000078f900000, 0x000000078fa00000)
AC   0  E CS TS     0 PTAMS 0x000000078fa00000 NTAMS 0x000000078fa00000 space 1024K, 100% used [0x000000078fa00000, 0x000000078fb00000)
AC   0  E CS TS     0 PTAMS 0x000000078fb00000 NTAMS 0x000000078fb00000 space 1024K, 100% used [0x000000078fb00000, 0x000000078fc00000)
AC   0  E CS TS     0 PTAMS 0x000000078fc00000 NTAMS 0x000000078fc00000 space 1024K, 100% used [0x000000078fc00000, 0x000000078fd00000)
AC   0  E CS TS     0 PTAMS 0x000000078fd00000 NTAMS 0x000000078fd00000 space 1024K, 100% used [0x000000078fd00000, 0x000000078fe00000)
AC   0  E CS TS     0 PTAMS 0x000000078fe00000 NTAMS 0x000000078fe00000 space 1024K, 100% used [0x000000078fe00000, 0x000000078ff00000)
AC   0  E CS TS     0 PTAMS 0x000000078ff00000 NTAMS 0x000000078ff00000 space 1024K, 100% used [0x000000078ff00000, 0x0000000790000000)
AC   0  O    TS     1 PTAMS 0x0000000790000000 NTAMS 0x0000000790000000 space 1024K, 100% used [0x0000000790000000, 0x0000000790100000)
AC   0  O    TS     1 PTAMS 0x0000000790100000 NTAMS 0x0000000790100000 space 1024K, 100% used [0x0000000790100000, 0x0000000790200000)
AC   0  O    TS     1 PTAMS 0x0000000790200000 NTAMS 0x0000000790200000 space 1024K, 100% used [0x0000000790200000, 0x0000000790300000)
AC   0  O    TS     1 PTAMS 0x0000000790300000 NTAMS 0x0000000790300000 space 1024K, 100% used [0x0000000790300000, 0x0000000790400000)
AC   0  O    TS     1 PTAMS 0x0000000790400000 NTAMS 0x0000000790400000 space 1024K, 100% used [0x0000000790400000, 0x0000000790500000)
AC   0  O    TS     1 PTAMS 0x0000000790500000 NTAMS 0x0000000790500000 space 1024K, 100% used [0x0000000790500000, 0x0000000790600000)
AC   0  O    TS     1 PTAMS 0x0000000790600000 NTAMS 0x0000000790600000 space 1024K, 100% used [0x0000000790600000, 0x0000000790700000)
AC   0  O    TS     1 PTAMS 0x0000000790700000 NTAMS 0x0000000790700000 space 1024K, 100% used [0x0000000790700000, 0x0000000790800000)
AC   0  O    TS     1 PTAMS 0x0000000790800000 NTAMS 0x0000000790800000 space 1024K, 100% used [0x0000000790800000, 0x0000000790900000)
AC   0  O    TS     1 PTAMS 0x0000000790900000 NTAMS 0x0000000790900000 space 1024K, 100% used [0x0000000790900000, 0x0000000790a00000)
AC   0  O    TS     1 PTAMS 0x0000000790a00000 NTAMS 0x0000000790a00000 space 1024K,  99% used [0x0000000790a00000, 0x0000000790b00000)

Card table byte_map: [0x000000011d134000,0x000000011d334000] byte_map_base: 0x0000000119534000

Marking Bits (Prev, Next): (CMBitMap*) 0x00007fcd6e81b4e0, (CMBitMap*) 0x00007fcd6e81b488
 Prev Bits: [0x000000011e534000, 0x000000011f534000)
 Next Bits: [0x000000011d534000, 0x000000011e534000)

Polling page: 0x000000010afb4000

CodeCache: size=245760Kb used=17261Kb max_used=17274Kb free=228498Kb
 bounds [0x000000010d374000, 0x000000010e474000, 0x000000011c374000]
 total_blobs=5535 nmethods=4968 adapters=478
 compilation: enabled

Compilation events (10 events):
Event: 5750.337 Thread 0x00007fcd6f80c800 6185       3       sun.security.provider.SHA::resetHashes (41 bytes)
Event: 5750.338 Thread 0x00007fcd6f80c800 nmethod 6185 0x000000010dd4c390 code [0x000000010dd4c500, 0x000000010dd4c710]
Event: 6050.347 Thread 0x00007fcd6f80c800 6186       3       sun.security.provider.SHA::implDigest (96 bytes)
Event: 6050.348 Thread 0x00007fcd6f80c800 nmethod 6186 0x000000010dd4a810 code [0x000000010dd4a9c0, 0x000000010dd4ae08]
Event: 6350.357 Thread 0x00007fcd6f80c800 6187       3       org.eclipse.core.runtime.jobs.Job::setThread (6 bytes)
Event: 6350.358 Thread 0x00007fcd6f80c800 nmethod 6187 0x000000010dd4a3d0 code [0x000000010dd4a540, 0x000000010dd4a750]
Event: 6350.362 Thread 0x00007fcd6f80c800 6188       3       org.eclipse.core.internal.jobs.InternalJob::setThread (6 bytes)
Event: 6350.363 Thread 0x00007fcd6f80c800 nmethod 6188 0x000000010dd4a010 code [0x000000010dd4a180, 0x000000010dd4a330]
Event: 6350.366 Thread 0x00007fcd6f80c800 6189       1       org.eclipse.core.runtime.jobs.Job::shouldSchedule (2 bytes)
Event: 6350.366 Thread 0x00007fcd6f80c800 nmethod 6189 0x000000010dd49d50 code [0x000000010dd49ea0, 0x000000010dd49fb0]

GC Heap History (10 events):
Event: 12.957 GC heap after
Heap after GC invocations=18 (full 0):
 garbage-first heap   total 262144K, used 145120K [0x0000000780000000, 0x0000000780100800, 0x00000007c0000000)
  region size 1024K, 11 young (11264K), 11 survivors (11264K)
 Metaspace       used 45878K, capacity 48302K, committed 48512K, reserved 1091584K
  class space    used 5699K, capacity 6425K, committed 6528K, reserved 1048576K
}
Event: 13.212 GC heap before
{Heap before GC invocations=19 (full 0):
 garbage-first heap   total 262144K, used 144224K [0x0000000780000000, 0x0000000780100800, 0x00000007c0000000)
  region size 1024K, 84 young (86016K), 11 survivors (11264K)
 Metaspace       used 45878K, capacity 48302K, committed 48512K, reserved 1091584K
  class space    used 5699K, capacity 6425K, committed 6528K, reserved 1048576K
Event: 13.225 GC heap after
Heap after GC invocations=20 (full 0):
 garbage-first heap   total 262144K, used 76639K [0x0000000780000000, 0x0000000780100800, 0x00000007c0000000)
  region size 1024K, 11 young (11264K), 11 survivors (11264K)
 Metaspace       used 45878K, capacity 48302K, committed 48512K, reserved 1091584K
  class space    used 5699K, capacity 6425K, committed 6528K, reserved 1048576K
}
Event: 13.228 GC heap before
{Heap before GC invocations=20 (full 0):
 garbage-first heap   total 262144K, used 77663K [0x0000000780000000, 0x0000000780100800, 0x00000007c0000000)
  region size 1024K, 12 young (12288K), 11 survivors (11264K)
 Metaspace       used 45878K, capacity 48302K, committed 48512K, reserved 1091584K
  class space    used 5699K, capacity 6425K, committed 6528K, reserved 1048576K
Event: 13.238 GC heap after
Heap after GC invocations=21 (full 0):
 garbage-first heap   total 262144K, used 52064K [0x0000000780000000, 0x0000000780100800, 0x00000007c0000000)
  region size 1024K, 2 young (2048K), 2 survivors (2048K)
 Metaspace       used 45878K, capacity 48302K, committed 48512K, reserved 1091584K
  class space    used 5699K, capacity 6425K, committed 6528K, reserved 1048576K
}
Event: 40.098 GC heap before
{Heap before GC invocations=21 (full 0):
 garbage-first heap   total 262144K, used 206688K [0x0000000780000000, 0x0000000780100800, 0x00000007c0000000)
  region size 1024K, 153 young (156672K), 2 survivors (2048K)
 Metaspace       used 48823K, capacity 51422K, committed 51712K, reserved 1093632K
  class space    used 6056K, capacity 6847K, committed 6912K, reserved 1048576K
Event: 40.113 GC heap after
Heap after GC invocations=22 (full 0):
 garbage-first heap   total 262144K, used 68720K [0x0000000780000000, 0x0000000780100800, 0x00000007c0000000)
  region size 1024K, 19 young (19456K), 19 survivors (19456K)
 Metaspace       used 48823K, capacity 51422K, committed 51712K, reserved 1093632K
  class space    used 6056K, capacity 6847K, committed 6912K, reserved 1048576K
}
Event: 50.438 GC heap before
{Heap before GC invocations=22 (full 0):
 garbage-first heap   total 262144K, used 206595K [0x0000000780000000, 0x0000000780100800, 0x00000007c0000000)
  region size 1024K, 113 young (115712K), 19 survivors (19456K)
 Metaspace       used 53759K, capacity 56782K, committed 56832K, reserved 1097728K
  class space    used 6757K, capacity 7671K, committed 7680K, reserved 1048576K
Event: 50.458 GC heap after
Heap after GC invocations=23 (full 0):
 garbage-first heap   total 262144K, used 84149K [0x0000000780000000, 0x0000000780100800, 0x00000007c0000000)
  region size 1024K, 20 young (20480K), 20 survivors (20480K)
 Metaspace       used 53759K, capacity 56782K, committed 56832K, reserved 1097728K
  class space    used 6757K, capacity 7671K, committed 7680K, reserved 1048576K
}
Event: 7442.157 GC heap before
{Heap before GC invocations=24 (full 0):
 garbage-first heap   total 262144K, used 232280K [0x0000000780000000, 0x0000000780100800, 0x00000007c0000000)
  region size 1024K, 146 young (149504K), 20 survivors (20480K)
 Metaspace       used 54379K, capacity 57490K, committed 57728K, reserved 1099776K
  class space    used 6809K, capacity 7703K, committed 7808K, reserved 1048576K

Deoptimization events (10 events):
Event: 50.432 Thread 0x00007fcd751a8800 Uncommon trap: reason=unstable_if action=reinterpret pc=0x000000010e42b568 method=java.util.zip.GZIPInputStream.read([BII)I @ 25
Event: 50.458 Thread 0x00007fcd6d001800 Uncommon trap: reason=unstable_if action=reinterpret pc=0x000000010e0d865c method=java.lang.ref.Reference.tryHandlePending(Z)Z @ 20
Event: 50.475 Thread 0x00007fcd751a8800 Uncommon trap: reason=unstable_if action=reinterpret pc=0x000000010dc99a8c method=java.util.concurrent.ConcurrentHashMap.get(Ljava/lang/Object;)Ljava/lang/Object; @ 76
Event: 50.476 Thread 0x00007fcd751a8800 Uncommon trap: reason=class_check action=maybe_recompile pc=0x000000010d8410bc method=java.util.concurrent.ConcurrentHashMap.putVal(Ljava/lang/Object;Ljava/lang/Object;Z)Ljava/lang/Object; @ 192
Event: 50.476 Thread 0x00007fcd751a8800 Uncommon trap: reason=unstable_if action=reinterpret pc=0x000000010e08bbcc method=java.util.HashMap.removeNode(ILjava/lang/Object;Ljava/lang/Object;ZZ)Ljava/util/HashMap$Node; @ 71
Event: 50.476 Thread 0x00007fcd751a8800 Uncommon trap: reason=class_check action=maybe_recompile pc=0x000000010d8410bc method=java.util.concurrent.ConcurrentHashMap.putVal(Ljava/lang/Object;Ljava/lang/Object;Z)Ljava/lang/Object; @ 192
Event: 50.486 Thread 0x00007fcd76025800 Uncommon trap: reason=class_check action=maybe_recompile pc=0x000000010d8410bc method=java.util.concurrent.ConcurrentHashMap.putVal(Ljava/lang/Object;Ljava/lang/Object;Z)Ljava/lang/Object; @ 192
Event: 50.756 Thread 0x00007fcd751a8800 Uncommon trap: reason=unstable_if action=reinterpret pc=0x000000010e453b00 method=java.io.StringReader.read([CII)I @ 65
Event: 2858.717 Thread 0x00007fcd75b1b800 Uncommon trap: reason=predicate action=maybe_recompile pc=0x000000010debe748 method=org.eclipse.core.internal.jobs.JobManager.select(Ljava/util/List;Ljava/lang/Object;Lorg/eclipse/core/internal/jobs/InternalJob;I)V @ 8
Event: 2858.748 Thread 0x00007fcd70099000 Uncommon trap: reason=unstable_if action=reinterpret pc=0x000000010e0911bc method=org.eclipse.jdt.internal.core.util.Util.indexOfJavaLikeExtension(Ljava/lang/String;)I @ 82

Classes redefined (0 events):
No events

Internal exceptions (10 events):
Event: 49.965 Thread 0x00007fcd72bb8000 Exception <a 'java/lang/NoSuchMethodError': <clinit>> (0x000000078bdd0d80) thrown at [/Users/java_re/workspace/8-2-build-macosx-x86_64/jdk8u201/12322/hotspot/src/share/vm/prims/jni.cpp, line 1613]
Event: 49.966 Thread 0x00007fcd72bb8000 Exception <a 'java/lang/NoSuchMethodError': <clinit>> (0x000000078bdf3160) thrown at [/Users/java_re/workspace/8-2-build-macosx-x86_64/jdk8u201/12322/hotspot/src/share/vm/prims/jni.cpp, line 1613]
Event: 49.989 Thread 0x00007fcd701c2800 Exception <a 'sun/nio/fs/UnixException'> (0x000000078b9eeb38) thrown at [/Users/java_re/workspace/8-2-build-macosx-x86_64/jdk8u201/12322/hotspot/src/share/vm/prims/jni.cpp, line 709]
Event: 50.007 Thread 0x00007fcd6dcc8000 Exception <a 'sun/nio/fs/UnixException'> (0x000000078b7d8f70) thrown at [/Users/java_re/workspace/8-2-build-macosx-x86_64/jdk8u201/12322/hotspot/src/share/vm/prims/jni.cpp, line 709]
Event: 50.026 Thread 0x00007fcd6dee5800 Exception <a 'sun/nio/fs/UnixException'> (0x000000078b53a928) thrown at [/Users/java_re/workspace/8-2-build-macosx-x86_64/jdk8u201/12322/hotspot/src/share/vm/prims/jni.cpp, line 709]
Event: 50.029 Thread 0x00007fcd6dee5800 Exception <a 'sun/nio/fs/UnixException'> (0x000000078b563808) thrown at [/Users/java_re/workspace/8-2-build-macosx-x86_64/jdk8u201/12322/hotspot/src/share/vm/prims/jni.cpp, line 709]
Event: 50.261 Thread 0x00007fcd6fa86800 Implicit null exception at 0x000000010dfb13db to 0x000000010dfb73b1
Event: 50.382 Thread 0x00007fcd701c2800 Implicit null exception at 0x000000010d54e7af to 0x000000010d54e819
Event: 50.403 Thread 0x00007fcd701c2800 Exception <a 'java/io/FileNotFoundException'> (0x000000078a39c5d8) thrown at [/Users/java_re/workspace/8-2-build-macosx-x86_64/jdk8u201/12322/hotspot/src/share/vm/prims/jni.cpp, line 709]
Event: 50.403 Thread 0x00007fcd701c2800 Exception <a 'java/io/FileNotFoundException'> (0x000000078a39e200) thrown at [/Users/java_re/workspace/8-2-build-macosx-x86_64/jdk8u201/12322/hotspot/src/share/vm/prims/jni.cpp, line 709]

Events (10 events):
Event: 7422.133 Executing VM operation: RevokeBias done
Event: 7422.133 Executing VM operation: RevokeBias
Event: 7422.133 Executing VM operation: RevokeBias done
Event: 7432.150 Executing VM operation: RevokeBias
Event: 7432.150 Executing VM operation: RevokeBias done
Event: 7432.151 Executing VM operation: RevokeBias
Event: 7432.151 Executing VM operation: RevokeBias done
Event: 7432.151 Executing VM operation: RevokeBias
Event: 7432.151 Executing VM operation: RevokeBias done
Event: 7442.157 Executing VM operation: G1IncCollectionPause


Dynamic libraries:
0x00007fff48b90000 	/System/Library/Frameworks/Cocoa.framework/Versions/A/Cocoa
0x00007fff54e7d000 	/System/Library/Frameworks/Security.framework/Versions/A/Security
0x00007fff47797000 	/System/Library/Frameworks/ApplicationServices.framework/Versions/A/ApplicationServices
0x00007fff764e4000 	/usr/lib/libz.1.dylib
0x00007fff73ae1000 	/usr/lib/libSystem.B.dylib
0x00007fff75609000 	/usr/lib/libobjc.A.dylib
0x00007fff493c0000 	/System/Library/Frameworks/CoreFoundation.framework/Versions/A/CoreFoundation
0x00007fff4b763000 	/System/Library/Frameworks/Foundation.framework/Versions/C/Foundation
0x00007fff46924000 	/System/Library/Frameworks/AppKit.framework/Versions/C/AppKit
0x00007fff48f27000 	/System/Library/Frameworks/CoreData.framework/Versions/A/CoreData
0x00007fff6ccaf000 	/System/Library/PrivateFrameworks/RemoteViewServices.framework/Versions/A/RemoteViewServices
0x00007fff717af000 	/System/Library/PrivateFrameworks/UIFoundation.framework/Versions/A/UIFoundation
0x00007fff72f67000 	/System/Library/PrivateFrameworks/XCTTargetBootstrap.framework/Versions/A/XCTTargetBootstrap
0x00007fff677b2000 	/System/Library/PrivateFrameworks/IconServices.framework/Versions/A/IconServices
0x00007fff4e030000 	/System/Library/Frameworks/Metal.framework/Versions/A/Metal
0x00007fff5e9b4000 	/System/Library/PrivateFrameworks/DesktopServicesPriv.framework/Versions/A/DesktopServicesPriv
0x00007fff7491c000 	/usr/lib/libenergytrace.dylib
0x00007fff6f520000 	/System/Library/PrivateFrameworks/SkyLight.framework/Versions/A/SkyLight
0x00007fff49810000 	/System/Library/Frameworks/CoreGraphics.framework/Versions/A/CoreGraphics
0x00007fff454f6000 	/System/Library/Frameworks/Accelerate.framework/Versions/A/Accelerate
0x00007fff4beed000 	/System/Library/Frameworks/IOSurface.framework/Versions/A/IOSurface
0x00007fff5e816000 	/System/Library/PrivateFrameworks/DFRFoundation.framework/Versions/A/DFRFoundation
0x00007fff47c9c000 	/System/Library/Frameworks/AudioToolbox.framework/Versions/A/AudioToolbox
0x00007fff47f3b000 	/System/Library/Frameworks/AudioUnit.framework/Versions/A/AudioUnit
0x00007fff5e8ad000 	/System/Library/PrivateFrameworks/DataDetectorsCore.framework/Versions/A/DataDetectorsCore
0x00007fff4867a000 	/System/Library/Frameworks/Carbon.framework/Versions/A/Frameworks/HIToolbox.framework/Versions/A/HIToolbox
0x00007fff74a77000 	/usr/lib/libicucore.A.dylib
0x00007fff543d0000 	/System/Library/Frameworks/QuartzCore.framework/Versions/A/QuartzCore
0x00007fff48a61000 	/System/Library/Frameworks/Carbon.framework/Versions/A/Frameworks/SpeechRecognition.framework/Versions/A/SpeechRecognition
0x00007fff73cc4000 	/usr/lib/libauto.dylib
0x00007fff763d7000 	/usr/lib/libxml2.2.dylib
0x00007fff5e415000 	/System/Library/PrivateFrameworks/CoreUI.framework/Versions/A/CoreUI
0x00007fff48e05000 	/System/Library/Frameworks/CoreAudio.framework/Versions/A/CoreAudio
0x00007fff4b595000 	/System/Library/Frameworks/DiskArbitration.framework/Versions/A/DiskArbitration
0x00007fff74d27000 	/usr/lib/liblangid.dylib
0x00007fff68c62000 	/System/Library/PrivateFrameworks/MultitouchSupport.framework/Versions/A/MultitouchSupport
0x00007fff4be58000 	/System/Library/Frameworks/IOKit.framework/Versions/A/IOKit
0x00007fff7372f000 	/usr/lib/libDiagnosticMessagesClient.dylib
0x00007fff4a69b000 	/System/Library/Frameworks/CoreServices.framework/Versions/A/CoreServices
0x00007fff6a998000 	/System/Library/PrivateFrameworks/PerformanceAnalysis.framework/Versions/A/PerformanceAnalysis
0x00007fff53565000 	/System/Library/Frameworks/OpenGL.framework/Versions/A/OpenGL
0x00007fff48b9e000 	/System/Library/Frameworks/ColorSync.framework/Versions/A/ColorSync
0x00007fff49ebc000 	/System/Library/Frameworks/CoreImage.framework/Versions/A/CoreImage
0x00007fff4b0de000 	/System/Library/Frameworks/CoreText.framework/Versions/A/CoreText
0x00007fff4bf4e000 	/System/Library/Frameworks/ImageIO.framework/Versions/A/ImageIO
0x00007fff5aa50000 	/System/Library/PrivateFrameworks/Backup.framework/Versions/A/Backup
0x00007fff73b97000 	/usr/lib/libarchive.2.dylib
0x00007fff4829f000 	/System/Library/Frameworks/CFNetwork.framework/Versions/A/CFNetwork
0x00007fff55628000 	/System/Library/Frameworks/SystemConfiguration.framework/Versions/A/SystemConfiguration
0x00007fff73658000 	/usr/lib/libCRFSuite.dylib
0x00007fff73dbb000 	/usr/lib/libc++.1.dylib
0x00007fff73e13000 	/usr/lib/libc++abi.dylib
0x00007fff76567000 	/usr/lib/system/libcache.dylib
0x00007fff7656c000 	/usr/lib/system/libcommonCrypto.dylib
0x00007fff76577000 	/usr/lib/system/libcompiler_rt.dylib
0x00007fff7657f000 	/usr/lib/system/libcopyfile.dylib
0x00007fff76589000 	/usr/lib/system/libcorecrypto.dylib
0x00007fff76694000 	/usr/lib/system/libdispatch.dylib
0x00007fff766cf000 	/usr/lib/system/libdyld.dylib
0x00007fff766ff000 	/usr/lib/system/libkeymgr.dylib
0x00007fff7670d000 	/usr/lib/system/liblaunch.dylib
0x00007fff7670e000 	/usr/lib/system/libmacho.dylib
0x00007fff76714000 	/usr/lib/system/libquarantine.dylib
0x00007fff76717000 	/usr/lib/system/libremovefile.dylib
0x00007fff76719000 	/usr/lib/system/libsystem_asl.dylib
0x00007fff76731000 	/usr/lib/system/libsystem_blocks.dylib
0x00007fff76732000 	/usr/lib/system/libsystem_c.dylib
0x00007fff767bb000 	/usr/lib/system/libsystem_configuration.dylib
0x00007fff767bf000 	/usr/lib/system/libsystem_coreservices.dylib
0x00007fff767c3000 	/usr/lib/system/libsystem_darwin.dylib
0x00007fff767ca000 	/usr/lib/system/libsystem_dnssd.dylib
0x00007fff767d1000 	/usr/lib/system/libsystem_info.dylib
0x00007fff76847000 	/usr/lib/system/libsystem_m.dylib
0x00007fff76893000 	/usr/lib/system/libsystem_malloc.dylib
0x00007fff768b8000 	/usr/lib/system/libsystem_networkextension.dylib
0x00007fff768c4000 	/usr/lib/system/libsystem_notify.dylib
0x00007fff768e1000 	/usr/lib/system/libsystem_sandbox.dylib
0x00007fff768e5000 	/usr/lib/system/libsystem_secinit.dylib
0x00007fff7681e000 	/usr/lib/system/libsystem_kernel.dylib
0x00007fff768cc000 	/usr/lib/system/libsystem_platform.dylib
0x00007fff768d6000 	/usr/lib/system/libsystem_pthread.dylib
0x00007fff768e8000 	/usr/lib/system/libsystem_symptoms.dylib
0x00007fff768f0000 	/usr/lib/system/libsystem_trace.dylib
0x00007fff76907000 	/usr/lib/system/libunwind.dylib
0x00007fff7690d000 	/usr/lib/system/libxpc.dylib
0x00007fff73d9b000 	/usr/lib/libbsm.0.dylib
0x00007fff76700000 	/usr/lib/system/libkxld.dylib
0x00007fff59cfd000 	/System/Library/PrivateFrameworks/AppleFSCompression.framework/Versions/A/AppleFSCompression
0x00007fff739a0000 	/usr/lib/libOpenScriptingUtil.dylib
0x00007fff740fe000 	/usr/lib/libcoretls.dylib
0x00007fff74115000 	/usr/lib/libcoretls_cfhelpers.dylib
0x00007fff75da5000 	/usr/lib/libpam.2.dylib
0x00007fff75f68000 	/usr/lib/libsqlite3.dylib
0x00007fff763c5000 	/usr/lib/libxar.1.dylib
0x00007fff73dac000 	/usr/lib/libbz2.1.0.dylib
0x00007fff74d29000 	/usr/lib/liblzma.5.dylib
0x00007fff7521f000 	/usr/lib/libnetwork.dylib
0x00007fff73b80000 	/usr/lib/libapple_nghttp2.dylib
0x00007fff75dac000 	/usr/lib/libpcap.A.dylib
0x00007fff4aa3f000 	/System/Library/Frameworks/CoreServices.framework/Versions/A/Frameworks/FSEvents.framework/Versions/A/FSEvents
0x00007fff4a71b000 	/System/Library/Frameworks/CoreServices.framework/Versions/A/Frameworks/CarbonCore.framework/Versions/A/CarbonCore
0x00007fff4ac14000 	/System/Library/Frameworks/CoreServices.framework/Versions/A/Frameworks/Metadata.framework/Versions/A/Metadata
0x00007fff4acb7000 	/System/Library/Frameworks/CoreServices.framework/Versions/A/Frameworks/OSServices.framework/Versions/A/OSServices
0x00007fff4ad03000 	/System/Library/Frameworks/CoreServices.framework/Versions/A/Frameworks/SearchKit.framework/Versions/A/SearchKit
0x00007fff4a69c000 	/System/Library/Frameworks/CoreServices.framework/Versions/A/Frameworks/AE.framework/Versions/A/AE
0x00007fff4aa48000 	/System/Library/Frameworks/CoreServices.framework/Versions/A/Frameworks/LaunchServices.framework/Versions/A/LaunchServices
0x00007fff4a9f4000 	/System/Library/Frameworks/CoreServices.framework/Versions/A/Frameworks/DictionaryServices.framework/Versions/A/DictionaryServices
0x00007fff4ad72000 	/System/Library/Frameworks/CoreServices.framework/Versions/A/Frameworks/SharedFileList.framework/Versions/A/SharedFileList
0x00007fff4f4f6000 	/System/Library/Frameworks/NetFS.framework/Versions/A/NetFS
0x00007fff68eff000 	/System/Library/PrivateFrameworks/NetAuth.framework/Versions/A/NetAuth
0x00007fff7339b000 	/System/Library/PrivateFrameworks/login.framework/Versions/A/Frameworks/loginsupport.framework/Versions/A/loginsupport
0x00007fff713a7000 	/System/Library/PrivateFrameworks/TCC.framework/Versions/A/TCC
0x00007fff5da1d000 	/System/Library/PrivateFrameworks/CoreNLP.framework/Versions/A/CoreNLP
0x00007fff68953000 	/System/Library/PrivateFrameworks/MetadataUtilities.framework/Versions/A/MetadataUtilities
0x00007fff74e0a000 	/usr/lib/libmecabra.dylib
0x00007fff47798000 	/System/Library/Frameworks/ApplicationServices.framework/Versions/A/Frameworks/ATS.framework/Versions/A/ATS
0x00007fff47b03000 	/System/Library/Frameworks/ApplicationServices.framework/Versions/A/Frameworks/ColorSyncLegacy.framework/Versions/A/ColorSyncLegacy
0x00007fff47ba4000 	/System/Library/Frameworks/ApplicationServices.framework/Versions/A/Frameworks/HIServices.framework/Versions/A/HIServices
0x00007fff47bf7000 	/System/Library/Frameworks/ApplicationServices.framework/Versions/A/Frameworks/LangAnalysis.framework/Versions/A/LangAnalysis
0x00007fff47c06000 	/System/Library/Frameworks/ApplicationServices.framework/Versions/A/Frameworks/PrintCore.framework/Versions/A/PrintCore
0x00007fff47c53000 	/System/Library/Frameworks/ApplicationServices.framework/Versions/A/Frameworks/QD.framework/Versions/A/QD
0x00007fff47c8f000 	/System/Library/Frameworks/ApplicationServices.framework/Versions/A/Frameworks/SpeechSynthesis.framework/Versions/A/SpeechSynthesis
0x00007fff73e3b000 	/usr/lib/libcompression.dylib
0x00007fff492d6000 	/System/Library/Frameworks/CoreDisplay.framework/Versions/A/CoreDisplay
0x00007fff4e2f8000 	/System/Library/Frameworks/MetalPerformanceShaders.framework/Versions/A/MetalPerformanceShaders
0x00007fff4550e000 	/System/Library/Frameworks/Accelerate.framework/Versions/A/Frameworks/vImage.framework/Versions/A/vImage
0x00007fff46773000 	/System/Library/Frameworks/Accelerate.framework/Versions/A/Frameworks/vecLib.framework/Versions/A/vecLib
0x00007fff465fb000 	/System/Library/Frameworks/Accelerate.framework/Versions/A/Frameworks/vecLib.framework/Versions/A/libvMisc.dylib
0x00007fff4645c000 	/System/Library/Frameworks/Accelerate.framework/Versions/A/Frameworks/vecLib.framework/Versions/A/libvDSP.dylib
0x00007fff45e03000 	/System/Library/Frameworks/Accelerate.framework/Versions/A/Frameworks/vecLib.framework/Versions/A/libBLAS.dylib
0x00007fff45ff5000 	/System/Library/Frameworks/Accelerate.framework/Versions/A/Frameworks/vecLib.framework/Versions/A/libLAPACK.dylib
0x00007fff463af000 	/System/Library/Frameworks/Accelerate.framework/Versions/A/Frameworks/vecLib.framework/Versions/A/libLinearAlgebra.dylib
0x00007fff46449000 	/System/Library/Frameworks/Accelerate.framework/Versions/A/Frameworks/vecLib.framework/Versions/A/libSparseBLAS.dylib
0x00007fff463c5000 	/System/Library/Frameworks/Accelerate.framework/Versions/A/Frameworks/vecLib.framework/Versions/A/libQuadrature.dylib
0x00007fff45faf000 	/System/Library/Frameworks/Accelerate.framework/Versions/A/Frameworks/vecLib.framework/Versions/A/libBNNS.dylib
0x00007fff463cb000 	/System/Library/Frameworks/Accelerate.framework/Versions/A/Frameworks/vecLib.framework/Versions/A/libSparse.dylib
0x00007fff64f44000 	/System/Library/PrivateFrameworks/GPUWrangler.framework/Versions/A/GPUWrangler
0x00007fff67379000 	/System/Library/PrivateFrameworks/IOAccelerator.framework/Versions/A/IOAccelerator
0x00007fff67384000 	/System/Library/PrivateFrameworks/IOPresentment.framework/Versions/A/IOPresentment
0x00007fff5e826000 	/System/Library/PrivateFrameworks/DSExternalDisplay.framework/Versions/A/DSExternalDisplay
0x00007fff529aa000 	/System/Library/Frameworks/OpenGL.framework/Versions/A/Libraries/libCoreFSCache.dylib
0x00007fff4e0e0000 	/System/Library/Frameworks/MetalPerformanceShaders.framework/Frameworks/MPSCore.framework/Versions/A/MPSCore
0x00007fff4e101000 	/System/Library/Frameworks/MetalPerformanceShaders.framework/Frameworks/MPSImage.framework/Versions/A/MPSImage
0x00007fff4e1a9000 	/System/Library/Frameworks/MetalPerformanceShaders.framework/Frameworks/MPSNeuralNetwork.framework/Versions/A/MPSNeuralNetwork
0x00007fff4e180000 	/System/Library/Frameworks/MetalPerformanceShaders.framework/Frameworks/MPSMatrix.framework/Versions/A/MPSMatrix
0x00007fff4e2dc000 	/System/Library/Frameworks/MetalPerformanceShaders.framework/Frameworks/MPSRayIntersector.framework/Versions/A/MPSRayIntersector
0x00007fff6897c000 	/System/Library/PrivateFrameworks/MetalTools.framework/Versions/A/MetalTools
0x00007fff593f7000 	/System/Library/PrivateFrameworks/AggregateDictionary.framework/Versions/A/AggregateDictionary
0x00007fff73980000 	/usr/lib/libMobileGestalt.dylib
0x00007fff4b244000 	/System/Library/Frameworks/CoreVideo.framework/Versions/A/CoreVideo
0x00007fff65db4000 	/System/Library/PrivateFrameworks/GraphVisualizer.framework/Versions/A/GraphVisualizer
0x00007fff5fb4f000 	/System/Library/PrivateFrameworks/FaceCore.framework/Versions/A/FaceCore
0x00007fff51fc2000 	/System/Library/Frameworks/OpenCL.framework/Versions/A/OpenCL
0x00007fff73767000 	/usr/lib/libFosl_dynamic.dylib
0x00007fff697d7000 	/System/Library/PrivateFrameworks/OTSVG.framework/Versions/A/OTSVG
0x00007fff4789c000 	/System/Library/Frameworks/ApplicationServices.framework/Versions/A/Frameworks/ATS.framework/Versions/A/Resources/libFontParser.dylib
0x00007fff479bc000 	/System/Library/Frameworks/ApplicationServices.framework/Versions/A/Frameworks/ATS.framework/Versions/A/Resources/libFontRegistry.dylib
0x00007fff4c1db000 	/System/Library/Frameworks/ImageIO.framework/Versions/A/Resources/libJPEG.dylib
0x00007fff4c4fe000 	/System/Library/Frameworks/ImageIO.framework/Versions/A/Resources/libTIFF.dylib
0x00007fff4c4d4000 	/System/Library/Frameworks/ImageIO.framework/Versions/A/Resources/libPng.dylib
0x00007fff4c0f0000 	/System/Library/Frameworks/ImageIO.framework/Versions/A/Resources/libGIF.dylib
0x00007fff4c0f5000 	/System/Library/Frameworks/ImageIO.framework/Versions/A/Resources/libJP2.dylib
0x00007fff4c4fb000 	/System/Library/Frameworks/ImageIO.framework/Versions/A/Resources/libRadiance.dylib
0x00007fff59e56000 	/System/Library/PrivateFrameworks/AppleJPEG.framework/Versions/A/AppleJPEG
0x00007fff529b5000 	/System/Library/Frameworks/OpenGL.framework/Versions/A/Libraries/libGFXShared.dylib
0x00007fff52b78000 	/System/Library/Frameworks/OpenGL.framework/Versions/A/Libraries/libGLU.dylib
0x00007fff529be000 	/System/Library/Frameworks/OpenGL.framework/Versions/A/Libraries/libGL.dylib
0x00007fff529ca000 	/System/Library/Frameworks/OpenGL.framework/Versions/A/Libraries/libGLImage.dylib
0x00007fff529a7000 	/System/Library/Frameworks/OpenGL.framework/Versions/A/Libraries/libCVMSPluginSupport.dylib
0x00007fff529b0000 	/System/Library/Frameworks/OpenGL.framework/Versions/A/Libraries/libCoreVMClient.dylib
0x00007fff7478d000 	/usr/lib/libcups.2.dylib
0x00007fff4d5f5000 	/System/Library/Frameworks/Kerberos.framework/Versions/A/Kerberos
0x00007fff4bba2000 	/System/Library/Frameworks/GSS.framework/Versions/A/GSS
0x00007fff75efc000 	/usr/lib/libresolv.9.dylib
0x00007fff74985000 	/usr/lib/libiconv.2.dylib
0x00007fff65f14000 	/System/Library/PrivateFrameworks/Heimdal.framework/Versions/A/Heimdal
0x00007fff74954000 	/usr/lib/libheimdal-asn1.dylib
0x00007fff52038000 	/System/Library/Frameworks/OpenDirectory.framework/Versions/A/OpenDirectory
0x00007fff5c719000 	/System/Library/PrivateFrameworks/CommonAuth.framework/Versions/A/CommonAuth
0x00007fff5201b000 	/System/Library/Frameworks/OpenDirectory.framework/Versions/A/Frameworks/CFOpenDirectory.framework/Versions/A/CFOpenDirectory
0x00007fff551a6000 	/System/Library/Frameworks/SecurityFoundation.framework/Versions/A/SecurityFoundation
0x00007fff58906000 	/System/Library/PrivateFrameworks/APFS.framework/Versions/A/APFS
0x00007fff763c1000 	/usr/lib/libutil.dylib
0x00007fff73e29000 	/usr/lib/libcharset.1.dylib
0x00007fff5a0f2000 	/System/Library/PrivateFrameworks/AppleSauce.framework/Versions/A/AppleSauce
0x00007fff5a280000 	/System/Library/PrivateFrameworks/AssertionServices.framework/Versions/A/AssertionServices
0x00007fff5aaf3000 	/System/Library/PrivateFrameworks/BaseBoard.framework/Versions/A/BaseBoard
0x00007fff74d59000 	/usr/lib/libmecab.1.0.0.dylib
0x00007fff7494e000 	/usr/lib/libgermantok.dylib
0x00007fff73b6c000 	/usr/lib/libThaiTokenizer.dylib
0x00007fff73693000 	/usr/lib/libChineseTokenizer.dylib
0x00007fff67ab0000 	/System/Library/PrivateFrameworks/LanguageModeling.framework/Versions/A/LanguageModeling
0x00007fff5d433000 	/System/Library/PrivateFrameworks/CoreEmoji.framework/Versions/A/CoreEmoji
0x00007fff67ba8000 	/System/Library/PrivateFrameworks/Lexicon.framework/Versions/A/Lexicon
0x00007fff67bf0000 	/System/Library/PrivateFrameworks/LinguisticData.framework/Versions/A/LinguisticData
0x00007fff73e2a000 	/usr/lib/libcmph.dylib
0x00007fff55267000 	/System/Library/Frameworks/ServiceManagement.framework/Versions/A/ServiceManagement
0x00007fff5aa46000 	/System/Library/PrivateFrameworks/BackgroundTaskManagement.framework/Versions/A/BackgroundTaskManagement
0x00007fff764bb000 	/usr/lib/libxslt.1.dylib
0x00007fff4898c000 	/System/Library/Frameworks/Carbon.framework/Versions/A/Frameworks/Ink.framework/Versions/A/Ink
0x00007fff71627000 	/System/Library/PrivateFrameworks/TextureIO.framework/Versions/A/TextureIO
0x00007fff73bc1000 	/usr/lib/libate.dylib
0x00007fff5e782000 	/System/Library/PrivateFrameworks/CrashReporterSupport.framework/Versions/A/CrashReporterSupport
0x00007fff6e648000 	/System/Library/PrivateFrameworks/Sharing.framework/Versions/A/Sharing
0x00007fff5a5d2000 	/System/Library/PrivateFrameworks/AuthKit.framework/Versions/A/AuthKit
0x00007fff599f5000 	/System/Library/PrivateFrameworks/Apple80211.framework/Versions/A/Apple80211
0x00007fff5e542000 	/System/Library/PrivateFrameworks/CoreUtils.framework/Versions/A/CoreUtils
0x00007fff4b282000 	/System/Library/Frameworks/CoreWLAN.framework/Versions/A/CoreWLAN
0x00007fff4bcec000 	/System/Library/Frameworks/IOBluetooth.framework/Versions/A/IOBluetooth
0x00007fff6c966000 	/System/Library/PrivateFrameworks/ProtocolBuffer.framework/Versions/A/ProtocolBuffer
0x00007fff68bb9000 	/System/Library/PrivateFrameworks/MobileKeyBag.framework/Versions/A/MobileKeyBag
0x00007fff5dd5a000 	/System/Library/PrivateFrameworks/CorePhoneNumbers.framework/Versions/A/CorePhoneNumbers
0x00007fff59e0a000 	/System/Library/PrivateFrameworks/AppleIDAuthSupport.framework/Versions/A/AppleIDAuthSupport
0x00007fff67a81000 	/System/Library/PrivateFrameworks/KeychainCircle.framework/Versions/A/KeychainCircle
0x00007fff6cb33000 	/System/Library/PrivateFrameworks/ROCKit.framework/Versions/A/ROCKit
0x00007fff5e71e000 	/System/Library/PrivateFrameworks/CoreWiFi.framework/Versions/A/CoreWiFi
0x00007fff48efb000 	/System/Library/Frameworks/CoreBluetooth.framework/Versions/A/CoreBluetooth
0x00007fff5e972000 	/System/Library/PrivateFrameworks/DebugSymbols.framework/Versions/A/DebugSymbols
0x00007fff5e2f7000 	/System/Library/PrivateFrameworks/CoreSymbolication.framework/Versions/A/CoreSymbolication
0x00007fff70e11000 	/System/Library/PrivateFrameworks/Symbolication.framework/Versions/A/Symbolication
0x00007fff6ffa3000 	/System/Library/PrivateFrameworks/SpeechRecognitionCore.framework/Versions/A/SpeechRecognitionCore
0x000000010c3bb000 	/Library/Java/JavaVirtualMachines/jdk1.8.0_201.jdk/Contents/Home/jre/lib/server/libjvm.dylib
0x00007fff76285000 	/usr/lib/libstdc++.6.dylib
0x000000010af70000 	/Library/Java/JavaVirtualMachines/jdk1.8.0_201.jdk/Contents/Home/jre/lib/libverify.dylib
0x000000010af7e000 	/Library/Java/JavaVirtualMachines/jdk1.8.0_201.jdk/Contents/Home/jre/lib/libjava.dylib
0x000000010c000000 	/Library/Java/JavaVirtualMachines/jdk1.8.0_201.jdk/Contents/Home/jre/lib/libzip.dylib
0x0000000122fd2000 	/Library/Java/JavaVirtualMachines/jdk1.8.0_201.jdk/Contents/Home/jre/lib/libnet.dylib
0x0000000122fe9000 	/Library/Java/JavaVirtualMachines/jdk1.8.0_201.jdk/Contents/Home/jre/lib/libnio.dylib
0x0000000122c73000 	/Users/linh/.vscode/extensions/redhat.java-0.41.0/server/config_mac/org.eclipse.equinox.launcher/org.eclipse.equinox.launcher.cocoa.macosx.x86_64_1.1.1000.v20190125-2016/eclipse_1900.so
0x00007fff5def1000 	/System/Library/PrivateFrameworks/CoreServicesInternal.framework/Versions/A/CoreServicesInternal
0x00007fff5ff81000 	/System/Library/PrivateFrameworks/FamilyControls.framework/Versions/A/FamilyControls
0x00007fff5c70c000 	/System/Library/PrivateFrameworks/CommerceKit.framework/Versions/A/Frameworks/CommerceCore.framework/Versions/A/CommerceCore
0x00007fff710fa000 	/System/Library/PrivateFrameworks/SystemAdministration.framework/Versions/A/SystemAdministration
0x00007fff598ef000 	/System/Library/PrivateFrameworks/AppContainer.framework/Versions/A/AppContainer
0x00007fff5990c000 	/System/Library/PrivateFrameworks/AppSandbox.framework/Versions/A/AppSandbox
0x00007fff6e4e0000 	/System/Library/PrivateFrameworks/SecCodeWrapper.framework/Versions/A/SecCodeWrapper
0x00007fff75f16000 	/usr/lib/libsandbox.1.dylib
0x00007fff7394b000 	/usr/lib/libMatch.1.dylib
0x00007fff5ed12000 	/System/Library/PrivateFrameworks/DiskManagement.framework/Versions/A/DiskManagement
0x00007fff4b4a8000 	/System/Library/Frameworks/DirectoryService.framework/Versions/A/DirectoryService
0x00007fff5ec3f000 	/System/Library/PrivateFrameworks/DiskImages.framework/Versions/A/DiskImages
0x00007fff67cef000 	/System/Library/PrivateFrameworks/LoginUIKit.framework/Versions/A/Frameworks/LoginUICore.framework/Versions/A/LoginUICore
0x00007fff7369f000 	/usr/lib/libCoreStorage.dylib
0x00007fff74779000 	/usr/lib/libcsfde.dylib
0x00007fff75d93000 	/usr/lib/libodfde.dylib
0x00007fff68576000 	/System/Library/PrivateFrameworks/MediaKit.framework/Versions/A/MediaKit
0x00007fff4b4b4000 	/System/Library/Frameworks/DiscRecording.framework/Versions/A/DiscRecording
0x00007fff5ee7f000 	/System/Library/PrivateFrameworks/EFILogin.framework/Versions/A/EFILogin
0x00007fff6c90e000 	/System/Library/PrivateFrameworks/ProtectedCloudStorage.framework/Versions/A/ProtectedCloudStorage
0x00007fff7480e000 	/usr/lib/libcurl.4.dylib
0x00007fff745e0000 	/usr/lib/libcrypto.42.dylib
0x00007fff76237000 	/usr/lib/libssl.44.dylib
0x00007fff4d60f000 	/System/Library/Frameworks/LDAP.framework/Versions/A/LDAP
0x00007fff717a8000 	/System/Library/PrivateFrameworks/TrustEvaluationAgent.framework/Versions/A/TrustEvaluationAgent
0x00007fff75f53000 	/usr/lib/libsasl2.2.dylib
0x00007fff5d217000 	/System/Library/PrivateFrameworks/CoreDaemon.framework/Versions/B/CoreDaemon
0x00007fff5a0ed000 	/System/Library/PrivateFrameworks/AppleSRP.framework/Versions/A/AppleSRP
0x00007fff72658000 	/System/Library/PrivateFrameworks/ViewBridge.framework/Versions/A/ViewBridge
0x0000000122dc7000 	/Users/linh/.gradle/native/25/osx-amd64/libnative-platform.dylib
0x0000000122bbe000 	/Library/Java/JavaVirtualMachines/jdk1.8.0_201.jdk/Contents/Home/jre/lib/libmanagement.dylib
0x0000000126c71000 	/Library/Java/JavaVirtualMachines/jdk1.8.0_201.jdk/Contents/Home/jre/lib/libsunec.dylib

VM Arguments:
jvm_args: -Declipse.application=org.eclipse.jdt.ls.core.id1 -Dosgi.bundles.defaultStartLevel=4 -Declipse.product=org.eclipse.jdt.ls.core.product -Dfile.encoding=utf8 -Xverify:none -Xmx1G -XX:+UseG1GC -XX:+UseStringDeduplication 
java_command: /Users/linh/.vscode/extensions/redhat.java-0.41.0/server/plugins/org.eclipse.equinox.launcher_1.5.300.v20190213-1655.jar -configuration /Users/linh/.vscode/extensions/redhat.java-0.41.0/server/config_mac -data /Users/linh/Library/Application Support/Code/User/workspaceStorage/2ab0d9354eaf137b806097cc48f607c8/redhat.java/jdt_ws
java_class_path (initial): /Users/linh/.vscode/extensions/redhat.java-0.41.0/server/plugins/org.eclipse.equinox.launcher_1.5.300.v20190213-1655.jar
Launcher Type: SUN_STANDARD

Environment Variables:
PATH=/Users/linh/.nvm/versions/node/v8.9.3/bin:/usr/local/bin:/usr/bin:/bin:/usr/sbin:/sbin:/usr/local/go/bin
SHELL=/bin/zsh

Signal Handlers:
SIGSEGV: [libjvm.dylib+0x5b723d], sa_mask[0]=11111111011111110111111111111111, sa_flags=SA_ONSTACK|SA_RESTART|SA_SIGINFO
SIGBUS: [libjvm.dylib+0x5b723d], sa_mask[0]=11111111011111110111111111111111, sa_flags=SA_RESTART|SA_SIGINFO
SIGFPE: [libjvm.dylib+0x48c9bc], sa_mask[0]=11111111011111110111111111111111, sa_flags=SA_RESTART|SA_SIGINFO
SIGPIPE: [libjvm.dylib+0x48c9bc], sa_mask[0]=11111111011111110111111111111111, sa_flags=SA_RESTART|SA_SIGINFO
SIGXFSZ: [libjvm.dylib+0x48c9bc], sa_mask[0]=11111111011111110111111111111111, sa_flags=SA_RESTART|SA_SIGINFO
SIGILL: [libjvm.dylib+0x48c9bc], sa_mask[0]=11111111011111110111111111111111, sa_flags=SA_RESTART|SA_SIGINFO
SIGUSR1: SIG_DFL, sa_mask[0]=00000000000000000000000000000000, sa_flags=SA_RESTART
SIGUSR2: [libjvm.dylib+0x48c4da], sa_mask[0]=00000000000000000000000000000000, sa_flags=SA_RESTART|SA_SIGINFO
SIGHUP: [libjvm.dylib+0x48aa65], sa_mask[0]=11111111011111110111111111111111, sa_flags=SA_RESTART|SA_SIGINFO
SIGINT: [libjvm.dylib+0x48aa65], sa_mask[0]=11111111011111110111111111111111, sa_flags=SA_RESTART|SA_SIGINFO
SIGTERM: [libjvm.dylib+0x48aa65], sa_mask[0]=11111111011111110111111111111111, sa_flags=SA_RESTART|SA_SIGINFO
SIGQUIT: [libjvm.dylib+0x48aa65], sa_mask[0]=11111111011111110111111111111111, sa_flags=SA_RESTART|SA_SIGINFO


---------------  S Y S T E M  ---------------

OS:Bsduname:Darwin 18.2.0 Darwin Kernel Version 18.2.0: Thu Dec 20 20:46:53 PST 2018; root:xnu-4903.241.1~1/RELEASE_X86_64 x86_64
rlimit: STACK 8192k, CORE 0k, NPROC 1418, NOFILE 10240, AS infinity
load average:4.34 3.72 3.47

CPU:total 8 (initial active 8) (4 cores per cpu, 2 threads per core) family 6 model 58 stepping 9, cmov, cx8, fxsr, mmx, sse, sse2, sse3, ssse3, sse4.1, sse4.2, popcnt, avx, aes, clmul, erms, ht, tsc, tscinvbit, tscinv

Memory: 4k page, physical 16777216k(1063588k free)

/proc/meminfo:


vm_info: Java HotSpot(TM) 64-Bit Server VM (25.201-b09) for bsd-amd64 JRE (1.8.0_201-b09), built on Dec 15 2018 18:35:23 by "java_re" with gcc 4.2.1 (Based on Apple Inc. build 5658) (LLVM build 2336.11.00)

time: Wed Mar 27 17:54:41 2019
timezone: +07
elapsed time: 7442 seconds (0d 2h 4m 2s)

